TN:
SF:/home/travis/build/coveo/search-ui/src/utils/Dom.ts
FN:18,(anonymous_10)
FN:28,Dom
FN:43,(anonymous_12)
FN:55,(anonymous_13)
FN:73,(anonymous_14)
FN:82,(anonymous_15)
FN:94,(anonymous_16)
FN:112,(anonymous_17)
FN:124,(anonymous_18)
FN:133,(anonymous_19)
FN:142,(anonymous_20)
FN:149,(anonymous_21)
FN:158,(anonymous_22)
FN:178,(anonymous_23)
FN:187,(anonymous_24)
FN:196,(anonymous_25)
FN:205,(anonymous_26)
FN:230,(anonymous_27)
FN:240,(anonymous_28)
FN:254,(anonymous_29)
FN:268,(anonymous_30)
FN:276,(anonymous_31)
FN:289,(anonymous_32)
FN:304,(anonymous_33)
FN:313,(anonymous_34)
FN:326,(anonymous_35)
FN:336,(anonymous_36)
FN:338,(anonymous_37)
FN:356,(anonymous_38)
FN:365,(anonymous_39)
FN:385,(anonymous_40)
FN:393,(anonymous_41)
FN:402,(anonymous_42)
FN:409,(anonymous_43)
FN:417,(anonymous_44)
FN:425,(anonymous_45)
FN:433,(anonymous_46)
FN:448,(anonymous_47)
FN:450,(anonymous_48)
FN:458,(anonymous_49)
FN:480,(anonymous_50)
FN:482,(anonymous_51)
FN:486,(anonymous_52)
FN:501,(anonymous_53)
FN:503,(anonymous_54)
FN:512,(anonymous_55)
FN:533,(anonymous_56)
FN:549,(anonymous_57)
FN:557,(anonymous_58)
FN:572,(anonymous_59)
FN:584,(anonymous_60)
FN:619,(anonymous_61)
FN:637,(anonymous_62)
FN:660,(anonymous_63)
FN:667,(anonymous_64)
FN:676,(anonymous_65)
FN:680,(anonymous_66)
FN:706,(anonymous_67)
FN:707,Win
FN:710,(anonymous_69)
FN:714,(anonymous_70)
FN:718,(anonymous_71)
FN:722,(anonymous_72)
FN:726,(anonymous_73)
FN:730,(anonymous_74)
FN:735,(anonymous_75)
FN:736,Doc
FN:739,(anonymous_77)
FN:744,(anonymous_78)
FN:761,$$
FNF:70
FNH:59
FNDA:1,(anonymous_10)
FNDA:187209,Dom
FNDA:21465,(anonymous_12)
FNDA:4919,(anonymous_13)
FNDA:5145,(anonymous_14)
FNDA:211,(anonymous_15)
FNDA:4740,(anonymous_16)
FNDA:50489,(anonymous_17)
FNDA:192,(anonymous_18)
FNDA:21,(anonymous_19)
FNDA:178,(anonymous_20)
FNDA:335,(anonymous_21)
FNDA:200,(anonymous_22)
FNDA:719,(anonymous_23)
FNDA:1655,(anonymous_24)
FNDA:2901,(anonymous_25)
FNDA:1222,(anonymous_26)
FNDA:776,(anonymous_27)
FNDA:220,(anonymous_28)
FNDA:41,(anonymous_29)
FNDA:1,(anonymous_30)
FNDA:0,(anonymous_31)
FNDA:0,(anonymous_32)
FNDA:50321,(anonymous_33)
FNDA:167,(anonymous_34)
FNDA:0,(anonymous_35)
FNDA:18944,(anonymous_36)
FNDA:925,(anonymous_37)
FNDA:2809,(anonymous_38)
FNDA:2653,(anonymous_39)
FNDA:60,(anonymous_40)
FNDA:70227,(anonymous_41)
FNDA:70223,(anonymous_42)
FNDA:79,(anonymous_43)
FNDA:536,(anonymous_44)
FNDA:433,(anonymous_45)
FNDA:313,(anonymous_46)
FNDA:28278,(anonymous_47)
FNDA:336,(anonymous_48)
FNDA:1622,(anonymous_49)
FNDA:973,(anonymous_50)
FNDA:0,(anonymous_51)
FNDA:315,(anonymous_52)
FNDA:357,(anonymous_53)
FNDA:6,(anonymous_54)
FNDA:3911024,(anonymous_55)
FNDA:3903,(anonymous_56)
FNDA:5,(anonymous_57)
FNDA:0,(anonymous_58)
FNDA:6,(anonymous_59)
FNDA:21,(anonymous_60)
FNDA:21,(anonymous_61)
FNDA:105,(anonymous_62)
FNDA:61,(anonymous_63)
FNDA:0,(anonymous_64)
FNDA:0,(anonymous_65)
FNDA:956,(anonymous_66)
FNDA:1,(anonymous_67)
FNDA:14,Win
FNDA:14,(anonymous_69)
FNDA:0,(anonymous_70)
FNDA:14,(anonymous_71)
FNDA:0,(anonymous_72)
FNDA:0,(anonymous_73)
FNDA:14,(anonymous_74)
FNDA:1,(anonymous_75)
FNDA:14,Doc
FNDA:14,(anonymous_77)
FNDA:0,(anonymous_78)
FNDA:186968,$$
DA:1,1
DA:2,1
DA:3,1
DA:4,1
DA:5,1
DA:18,1
DA:19,1
DA:20,1
DA:28,1
DA:29,187209
DA:30,187205
DA:33,1
DA:43,26384
DA:44,21465
DA:46,21465
DA:47,21735
DA:48,13849
DA:50,7886
DA:51,7886
DA:55,21465
DA:56,4919
DA:57,686
DA:58,4233
DA:59,3908
DA:60,325
DA:61,314
DA:65,21465
DA:73,1
DA:74,5145
DA:82,1
DA:83,211
DA:84,12
DA:86,199
DA:94,1
DA:95,4740
DA:96,1316
DA:98,3424
DA:99,3424
DA:100,0
DA:101,0
DA:112,1
DA:113,50489
DA:114,50489
DA:115,50489
DA:116,2306
DA:118,50489
DA:124,1
DA:125,192
DA:126,303
DA:133,1
DA:134,21
DA:135,21
DA:142,1
DA:143,178
DA:149,1
DA:150,335
DA:158,1
DA:159,200
DA:160,0
DA:161,0
DA:163,0
DA:166,200
DA:167,46
DA:169,154
DA:178,1
DA:179,719
DA:187,1
DA:188,1655
DA:196,1
DA:197,2901
DA:205,1
DA:206,1222
DA:207,673
DA:209,549
DA:210,537
DA:211,34
DA:215,515
DA:216,3
DA:217,2
DA:221,513
DA:230,1
DA:231,776
DA:240,1
DA:241,220
DA:242,40
DA:244,180
DA:254,1
DA:255,41
DA:256,41
DA:257,41
DA:258,3
DA:259,3
DA:261,41
DA:268,1
DA:269,1
DA:276,1
DA:277,0
DA:278,0
DA:279,0
DA:280,0
DA:281,0
DA:282,0
DA:286,0
DA:289,1
DA:290,0
DA:291,0
DA:292,0
DA:293,0
DA:296,0
DA:304,1
DA:305,50321
DA:313,1
DA:314,167
DA:315,167
DA:318,0
DA:326,1
DA:327,0
DA:336,18944
DA:337,18944
DA:338,458
DA:339,925
DA:342,18486
DA:343,15980
DA:344,10411
DA:346,5569
DA:356,1
DA:357,2809
DA:365,1
DA:366,2653
DA:367,2
DA:368,1
DA:370,1
DA:373,2651
DA:374,619
DA:376,2032
DA:385,1
DA:386,60
DA:393,1
DA:394,70227
DA:402,1
DA:403,70223
DA:409,1
DA:410,79
DA:417,1
DA:418,536
DA:425,1
DA:426,433
DA:433,1
DA:434,313
DA:435,284
DA:437,29
DA:448,28278
DA:449,28278
DA:450,166
DA:451,336
DA:454,28112
DA:455,28112
DA:456,859
DA:457,27253
DA:458,27253
DA:459,1622
DA:461,27253
DA:465,27253
DA:466,0
DA:467,0
DA:480,973
DA:481,973
DA:482,0
DA:483,0
DA:486,973
DA:487,315
DA:488,315
DA:490,973
DA:501,357
DA:502,357
DA:503,2
DA:504,6
DA:507,355
DA:508,355
DA:509,32
DA:510,323
DA:511,323
DA:512,323
DA:513,3911024
DA:514,318
DA:515,318
DA:518,323
DA:519,318
DA:520,318
DA:522,0
DA:523,0
DA:533,1
DA:534,3903
DA:535,3903
DA:536,374
DA:537,3529
DA:538,3529
DA:539,3529
DA:541,0
DA:549,1
DA:550,5
DA:557,1
DA:558,0
DA:559,0
DA:560,0
DA:561,0
DA:563,0
DA:565,0
DA:572,1
DA:573,6
DA:574,6
DA:575,6
DA:577,6
DA:584,1
DA:585,21
DA:586,21
DA:587,21
DA:589,21
DA:590,0
DA:593,21
DA:594,21
DA:595,21
DA:596,21
DA:598,21
DA:603,21
DA:604,21
DA:605,21
DA:606,21
DA:608,21
DA:619,1
DA:620,21
DA:622,21
DA:624,0
DA:627,21
DA:628,21
DA:630,0
DA:637,1
DA:639,105
DA:640,105
DA:643,0
DA:645,0
DA:646,0
DA:647,0
DA:649,0
DA:654,0
DA:660,1
DA:661,61
DA:667,1
DA:668,0
DA:676,1
DA:677,0
DA:680,956
DA:681,956
DA:682,558
DA:684,956
DA:685,956
DA:686,1181
DA:687,715
DA:689,1181
DA:690,0
DA:692,1181
DA:693,918
DA:695,263
DA:696,225
DA:699,956
DA:700,715
DA:702,241
DA:704,1
DA:706,1
DA:707,14
DA:710,1
DA:711,14
DA:714,1
DA:715,0
DA:718,1
DA:719,14
DA:722,1
DA:723,0
DA:726,1
DA:727,0
DA:730,1
DA:731,14
DA:733,1
DA:735,1
DA:736,14
DA:739,1
DA:740,14
DA:741,14
DA:744,1
DA:745,0
DA:746,0
DA:748,1
DA:761,394362
DA:762,186968
DA:763,136
DA:764,186832
DA:765,165607
DA:767,21225
LF:298
LH:249
BRDA:47,1,0,13849
BRDA:47,1,1,7886
BRDA:50,2,0,1314
BRDA:50,2,1,6572
BRDA:56,3,0,686
BRDA:56,3,1,4233
BRDA:58,4,0,3908
BRDA:58,4,1,325
BRDA:60,5,0,314
BRDA:60,5,1,11
BRDA:83,6,0,12
BRDA:83,6,1,199
BRDA:95,7,0,1316
BRDA:95,7,1,3424
BRDA:96,8,0,1316
BRDA:96,8,1,6
BRDA:98,9,0,3424
BRDA:98,9,1,0
BRDA:100,10,0,0
BRDA:100,10,1,0
BRDA:134,11,0,21
BRDA:134,11,1,0
BRDA:159,12,0,0
BRDA:159,12,1,200
BRDA:160,13,0,0
BRDA:160,13,1,0
BRDA:166,14,0,46
BRDA:166,14,1,154
BRDA:206,15,0,673
BRDA:206,15,1,549
BRDA:209,16,0,537
BRDA:209,16,1,12
BRDA:210,17,0,34
BRDA:210,17,1,503
BRDA:215,18,0,3
BRDA:215,18,1,512
BRDA:216,19,0,2
BRDA:216,19,1,1
BRDA:241,20,0,40
BRDA:241,20,1,180
BRDA:280,21,0,0
BRDA:280,21,1,0
BRDA:281,22,0,0
BRDA:281,22,1,0
BRDA:281,23,0,0
BRDA:281,23,1,0
BRDA:292,24,0,0
BRDA:292,24,1,0
BRDA:314,25,0,167
BRDA:314,25,1,0
BRDA:337,26,0,458
BRDA:337,26,1,18486
BRDA:342,27,0,15980
BRDA:342,27,1,2506
BRDA:343,28,0,10411
BRDA:343,28,1,5569
BRDA:366,29,0,2
BRDA:366,29,1,2651
BRDA:367,30,0,1
BRDA:367,30,1,1
BRDA:373,31,0,619
BRDA:373,31,1,2032
BRDA:394,32,0,70227
BRDA:394,32,1,6169
BRDA:410,33,0,79
BRDA:410,33,1,71
BRDA:418,34,0,536
BRDA:418,34,1,536
BRDA:426,35,0,433
BRDA:426,35,1,399
BRDA:434,36,0,284
BRDA:434,36,1,29
BRDA:449,37,0,166
BRDA:449,37,1,28112
BRDA:455,38,0,859
BRDA:455,38,1,27253
BRDA:457,39,0,27253
BRDA:457,39,1,0
BRDA:466,40,0,0
BRDA:466,40,1,0
BRDA:481,41,0,0
BRDA:481,41,1,973
BRDA:502,42,0,2
BRDA:502,42,1,355
BRDA:508,43,0,32
BRDA:508,43,1,323
BRDA:510,44,0,323
BRDA:510,44,1,0
BRDA:513,45,0,318
BRDA:513,45,1,3910706
BRDA:518,46,0,318
BRDA:518,46,1,5
BRDA:522,47,0,0
BRDA:522,47,1,0
BRDA:535,48,0,374
BRDA:535,48,1,3529
BRDA:537,49,0,3529
BRDA:537,49,1,0
BRDA:560,50,0,0
BRDA:560,50,1,0
BRDA:574,51,0,6
BRDA:574,51,1,0
BRDA:589,52,0,0
BRDA:589,52,1,21
BRDA:595,53,0,21
BRDA:595,53,1,0
BRDA:596,54,0,21
BRDA:596,54,1,0
BRDA:605,55,0,21
BRDA:605,55,1,0
BRDA:606,56,0,21
BRDA:606,56,1,0
BRDA:622,57,0,21
BRDA:622,57,1,0
BRDA:627,58,0,21
BRDA:627,58,1,0
BRDA:639,59,0,105
BRDA:639,59,1,0
BRDA:645,60,0,0
BRDA:645,60,1,0
BRDA:645,61,0,0
BRDA:645,61,1,0
BRDA:676,62,0,0
BRDA:676,62,1,0
BRDA:680,63,0,0
BRDA:680,63,1,956
BRDA:681,64,0,558
BRDA:681,64,1,398
BRDA:686,65,0,715
BRDA:686,65,1,466
BRDA:689,66,0,0
BRDA:689,66,1,1181
BRDA:692,67,0,918
BRDA:692,67,1,263
BRDA:695,68,0,225
BRDA:695,68,1,38
BRDA:699,69,0,715
BRDA:699,69,1,241
BRDA:719,70,0,14
BRDA:719,70,1,0
BRDA:719,71,0,0
BRDA:719,71,1,0
BRDA:723,72,0,0
BRDA:723,72,1,0
BRDA:723,73,0,0
BRDA:723,73,1,0
BRDA:727,74,0,0
BRDA:727,74,1,0
BRDA:762,75,0,136
BRDA:762,75,1,186832
BRDA:762,76,0,186968
BRDA:762,76,1,171455
BRDA:764,77,0,165607
BRDA:764,77,1,21225
BRDA:764,78,0,186832
BRDA:764,78,1,171319
BRF:156
BRH:104
end_of_record
TN:
SF:/home/travis/build/coveo/search-ui/src/utils/Utils.ts
FN:6,(anonymous_626)
FN:7,(anonymous_628)
FN:11,(anonymous_629)
FN:15,(anonymous_630)
FN:19,(anonymous_631)
FN:23,(anonymous_632)
FN:27,(anonymous_633)
FN:31,(anonymous_634)
FN:35,(anonymous_635)
FN:39,(anonymous_636)
FN:43,(anonymous_637)
FN:47,(anonymous_638)
FN:51,(anonymous_639)
FN:55,(anonymous_640)
FN:63,(anonymous_641)
FN:71,(anonymous_642)
FN:81,(anonymous_643)
FN:85,(anonymous_644)
FN:104,(anonymous_645)
FN:111,(anonymous_646)
FN:123,(anonymous_647)
FN:124,(anonymous_648)
FN:129,(anonymous_649)
FN:134,(anonymous_650)
FN:140,(anonymous_651)
FN:145,(anonymous_652)
FN:149,(anonymous_653)
FN:154,(anonymous_654)
FN:164,(anonymous_655)
FN:173,(anonymous_656)
FN:208,(anonymous_657)
FN:212,(anonymous_658)
FN:217,(anonymous_659)
FN:237,(anonymous_660)
FN:246,(anonymous_661)
FN:259,(anonymous_662)
FN:263,(anonymous_663)
FN:278,(anonymous_664)
FN:282,(anonymous_665)
FN:287,(anonymous_666)
FN:290,(anonymous_667)
FN:292,(anonymous_668)
FN:295,(anonymous_669)
FN:301,(anonymous_670)
FN:309,(anonymous_671)
FN:324,(anonymous_672)
FN:325,(anonymous_673)
FN:328,(anonymous_674)
FN:329,(anonymous_675)
FN:333,(anonymous_676)
FN:346,(anonymous_677)
FN:347,(anonymous_678)
FN:358,(anonymous_679)
FN:359,(anonymous_680)
FN:372,(anonymous_681)
FNF:55
FNH:40
FNDA:1,(anonymous_626)
FNDA:297063,(anonymous_628)
FNDA:273599,(anonymous_629)
FNDA:290563,(anonymous_630)
FNDA:9538,(anonymous_631)
FNDA:5,(anonymous_632)
FNDA:657,(anonymous_633)
FNDA:2588,(anonymous_634)
FNDA:111407,(anonymous_635)
FNDA:144,(anonymous_636)
FNDA:7,(anonymous_637)
FNDA:1528,(anonymous_638)
FNDA:21,(anonymous_639)
FNDA:2,(anonymous_640)
FNDA:3,(anonymous_641)
FNDA:1,(anonymous_642)
FNDA:0,(anonymous_643)
FNDA:9613,(anonymous_644)
FNDA:613,(anonymous_645)
FNDA:1,(anonymous_646)
FNDA:6,(anonymous_647)
FNDA:7,(anonymous_648)
FNDA:14,(anonymous_649)
FNDA:28,(anonymous_650)
FNDA:1,(anonymous_651)
FNDA:583,(anonymous_652)
FNDA:138,(anonymous_653)
FNDA:903,(anonymous_654)
FNDA:10824,(anonymous_655)
FNDA:520,(anonymous_656)
FNDA:0,(anonymous_657)
FNDA:0,(anonymous_658)
FNDA:0,(anonymous_659)
FNDA:3280,(anonymous_660)
FNDA:0,(anonymous_661)
FNDA:67,(anonymous_662)
FNDA:2614,(anonymous_663)
FNDA:0,(anonymous_664)
FNDA:0,(anonymous_665)
FNDA:0,(anonymous_666)
FNDA:0,(anonymous_667)
FNDA:0,(anonymous_668)
FNDA:0,(anonymous_669)
FNDA:0,(anonymous_670)
FNDA:0,(anonymous_671)
FNDA:6574,(anonymous_672)
FNDA:76,(anonymous_673)
FNDA:0,(anonymous_674)
FNDA:0,(anonymous_675)
FNDA:2,(anonymous_676)
FNDA:2,(anonymous_677)
FNDA:3,(anonymous_678)
FNDA:1,(anonymous_679)
FNDA:21,(anonymous_680)
FNDA:127,(anonymous_681)
DA:2,1
DA:4,1
DA:6,2
DA:7,1
DA:8,297063
DA:11,1
DA:12,273599
DA:15,1
DA:16,290563
DA:19,1
DA:20,9538
DA:23,1
DA:24,5
DA:27,1
DA:28,657
DA:31,1
DA:32,2588
DA:35,1
DA:36,111407
DA:39,1
DA:40,144
DA:43,1
DA:44,7
DA:47,1
DA:48,1528
DA:51,1
DA:52,21
DA:55,1
DA:56,2
DA:57,2
DA:59,0
DA:63,1
DA:64,3
DA:65,3
DA:67,0
DA:71,1
DA:72,1
DA:73,1
DA:74,1
DA:75,1
DA:77,0
DA:81,1
DA:82,0
DA:85,1
DA:86,9613
DA:87,8
DA:91,8
DA:95,0
DA:97,0
DA:100,9605
DA:104,1
DA:105,613
DA:106,0
DA:108,613
DA:111,1
DA:112,1
DA:113,1
DA:114,19
DA:115,12
DA:117,7
DA:120,1
DA:123,1
DA:124,6
DA:125,7
DA:129,14
DA:130,14
DA:131,0
DA:133,14
DA:134,14
DA:135,28
DA:140,1
DA:141,1
DA:145,1
DA:146,583
DA:149,1
DA:150,138
DA:151,138
DA:154,1
DA:156,903
DA:159,903
DA:160,582
DA:161,582
DA:163,582
DA:164,10824
DA:165,582
DA:166,3
DA:170,903
DA:173,1
DA:176,520
DA:177,0
DA:179,520
DA:180,520
DA:181,113
DA:183,520
DA:184,0
DA:188,520
DA:189,0
DA:192,520
DA:193,520
DA:194,520
DA:195,0
DA:196,0
DA:197,0
DA:200,520
DA:202,520
DA:203,292
DA:205,520
DA:208,1
DA:209,0
DA:210,0
DA:211,0
DA:212,0
DA:213,0
DA:214,0
DA:215,0
DA:217,0
DA:218,0
DA:219,0
DA:220,0
DA:222,0
DA:223,0
DA:224,0
DA:225,0
DA:226,0
DA:227,0
DA:228,0
DA:229,0
DA:230,0
DA:231,0
DA:233,0
DA:237,1
DA:238,3280
DA:239,3238
DA:241,3280
DA:242,3280
DA:243,3280
DA:244,0
DA:245,0
DA:246,0
DA:247,0
DA:248,0
DA:249,0
DA:250,0
DA:252,0
DA:253,0
DA:258,3280
DA:259,3280
DA:260,67
DA:263,3280
DA:264,2614
DA:265,2600
DA:267,14
DA:268,7
DA:270,7
DA:275,3280
DA:278,1
DA:279,0
DA:282,1
DA:283,0
DA:284,0
DA:287,1
DA:288,0
DA:289,0
DA:290,0
DA:291,0
DA:292,0
DA:293,0
DA:295,0
DA:296,0
DA:297,0
DA:299,0
DA:300,0
DA:301,0
DA:302,0
DA:303,0
DA:309,1
DA:310,0
DA:311,0
DA:312,0
DA:313,0
DA:314,0
DA:315,0
DA:317,0
DA:318,0
DA:321,0
DA:324,1
DA:325,6574
DA:328,1
DA:329,0
DA:333,1
DA:334,2
DA:335,2
DA:336,0
DA:337,0
DA:338,0
DA:339,0
DA:340,0
DA:342,0
DA:346,2
DA:347,2
DA:348,3
DA:349,2
DA:350,1
DA:351,0
DA:353,1
DA:358,1
DA:359,1
DA:360,21
DA:361,1
DA:362,0
DA:363,1
DA:364,0
DA:366,1
DA:372,1
DA:373,127
DA:374,127
DA:375,100
DA:377,127
DA:379,1
LF:219
LH:138
BRDA:16,1,0,290563
BRDA:16,1,1,272268
BRDA:24,2,0,5
BRDA:24,2,1,0
BRDA:28,3,0,657
BRDA:28,3,1,0
BRDA:32,4,0,2588
BRDA:32,4,1,1402
BRDA:36,5,0,111407
BRDA:36,5,1,97480
BRDA:48,6,0,1528
BRDA:48,6,1,1046
BRDA:56,7,0,2
BRDA:56,7,1,0
BRDA:59,8,0,0
BRDA:59,8,1,0
BRDA:59,8,2,0
BRDA:64,9,0,3
BRDA:64,9,1,0
BRDA:74,10,0,1
BRDA:74,10,1,0
BRDA:86,11,0,8
BRDA:86,11,1,9605
BRDA:88,12,0,8
BRDA:88,12,1,8
BRDA:88,12,2,8
BRDA:88,12,3,0
BRDA:88,12,4,0
BRDA:88,12,5,0
BRDA:88,12,6,0
BRDA:105,13,0,0
BRDA:105,13,1,613
BRDA:114,14,0,12
BRDA:114,14,1,7
BRDA:129,15,0,0
BRDA:129,15,1,14
BRDA:130,16,0,0
BRDA:130,16,1,14
BRDA:135,17,0,28
BRDA:135,17,1,16
BRDA:159,18,0,582
BRDA:159,18,1,321
BRDA:163,19,0,582
BRDA:163,19,1,0
BRDA:165,20,0,3
BRDA:165,20,1,579
BRDA:176,21,0,0
BRDA:176,21,1,520
BRDA:180,22,0,113
BRDA:180,22,1,407
BRDA:183,23,0,0
BRDA:183,23,1,520
BRDA:188,24,0,0
BRDA:188,24,1,520
BRDA:196,25,0,0
BRDA:196,25,1,0
BRDA:202,26,0,292
BRDA:202,26,1,228
BRDA:208,27,0,0
BRDA:208,27,1,0
BRDA:213,28,0,0
BRDA:213,28,1,0
BRDA:219,29,0,0
BRDA:219,29,1,0
BRDA:219,30,0,0
BRDA:219,30,1,0
BRDA:225,31,0,0
BRDA:225,31,1,0
BRDA:230,32,0,0
BRDA:230,32,1,0
BRDA:230,33,0,0
BRDA:230,33,1,0
BRDA:238,34,0,3238
BRDA:238,34,1,42
BRDA:242,35,0,3280
BRDA:242,35,1,0
BRDA:242,35,2,3280
BRDA:243,36,0,0
BRDA:243,36,1,3280
BRDA:244,37,0,0
BRDA:244,37,1,0
BRDA:247,38,0,0
BRDA:247,38,1,0
BRDA:249,39,0,0
BRDA:249,39,1,0
BRDA:252,40,0,0
BRDA:252,40,1,0
BRDA:258,41,0,3280
BRDA:258,41,1,0
BRDA:258,42,0,3280
BRDA:258,42,1,3280
BRDA:264,43,0,2600
BRDA:264,43,1,14
BRDA:264,44,0,2614
BRDA:264,44,1,14
BRDA:267,45,0,7
BRDA:267,45,1,7
BRDA:278,46,0,0
BRDA:278,46,1,0
BRDA:291,47,0,0
BRDA:291,47,1,0
BRDA:299,48,0,0
BRDA:299,48,1,0
BRDA:317,49,0,0
BRDA:317,49,1,0
BRDA:334,50,0,2
BRDA:334,50,1,0
BRDA:336,51,0,0
BRDA:336,51,1,0
BRDA:336,52,0,0
BRDA:336,52,1,0
BRDA:348,53,0,2
BRDA:348,53,1,1
BRDA:348,54,0,3
BRDA:348,54,1,1
BRDA:350,55,0,0
BRDA:350,55,1,1
BRDA:360,56,0,1
BRDA:360,56,1,20
BRDA:361,57,0,0
BRDA:361,57,1,1
BRDA:361,58,0,1
BRDA:361,58,1,1
BRDA:363,59,0,0
BRDA:363,59,1,1
BRDA:374,60,0,100
BRDA:374,60,1,27
BRDA:374,61,0,127
BRDA:374,61,1,127
BRF:129
BRH:67
end_of_record
TN:
SF:/home/travis/build/coveo/search-ui/src/ui/Base/Component.ts
FN:62,(anonymous_688)
FN:107,Component
FN:116,(anonymous_690)
FN:129,(anonymous_691)
FN:141,(anonymous_692)
FN:145,(anonymous_693)
FN:149,(anonymous_694)
FN:154,(anonymous_695)
FN:158,(anonymous_696)
FN:162,(anonymous_697)
FN:166,(anonymous_698)
FN:170,(anonymous_699)
FN:175,(anonymous_700)
FN:179,(anonymous_701)
FN:180,(anonymous_702)
FN:198,(anonymous_703)
FN:217,(anonymous_704)
FN:223,(anonymous_705)
FN:235,(anonymous_706)
FN:262,(anonymous_707)
FN:265,(anonymous_708)
FN:282,(anonymous_709)
FN:288,ComponentEvents
FN:302,(anonymous_711)
FN:322,(anonymous_712)
FN:338,(anonymous_713)
FN:349,(anonymous_714)
FN:360,(anonymous_715)
FN:371,(anonymous_716)
FN:383,(anonymous_717)
FN:395,(anonymous_718)
FN:396,(anonymous_719)
FN:412,(anonymous_720)
FN:413,(anonymous_721)
FN:431,(anonymous_722)
FN:435,(anonymous_723)
FN:439,(anonymous_724)
FNF:37
FNH:35
FNDA:1,(anonymous_688)
FNDA:2676,Component
FNDA:91,(anonymous_690)
FNDA:721,(anonymous_691)
FNDA:0,(anonymous_692)
FNDA:50,(anonymous_693)
FNDA:21,(anonymous_694)
FNDA:21,(anonymous_695)
FNDA:21,(anonymous_696)
FNDA:21,(anonymous_697)
FNDA:21,(anonymous_698)
FNDA:29,(anonymous_699)
FNDA:1,(anonymous_700)
FNDA:2676,(anonymous_701)
FNDA:0,(anonymous_702)
FNDA:3133,(anonymous_703)
FNDA:509,(anonymous_704)
FNDA:891,(anonymous_705)
FNDA:196,(anonymous_706)
FNDA:656,(anonymous_707)
FNDA:658,(anonymous_708)
FNDA:1,(anonymous_709)
FNDA:2676,ComponentEvents
FNDA:4523,(anonymous_711)
FNDA:381,(anonymous_712)
FNDA:4043,(anonymous_713)
FNDA:380,(anonymous_714)
FNDA:530,(anonymous_715)
FNDA:65,(anonymous_716)
FNDA:14,(anonymous_717)
FNDA:41,(anonymous_718)
FNDA:39,(anonymous_719)
FNDA:4945,(anonymous_720)
FNDA:986,(anonymous_721)
FNDA:544,(anonymous_722)
FNDA:65,(anonymous_723)
FNDA:609,(anonymous_724)
DA:1,1
DA:3,1
DA:4,1
DA:5,1
DA:6,1
DA:7,1
DA:8,1
DA:9,1
DA:10,1
DA:12,1
DA:13,1
DA:15,1
DA:16,1
DA:62,1
DA:67,2676
DA:107,2697
DA:109,2676
DA:110,2676
DA:111,2676
DA:112,2676
DA:113,2676
DA:114,2676
DA:115,2676
DA:116,2676
DA:118,2676
DA:119,2675
DA:122,2676
DA:129,1
DA:130,721
DA:141,1
DA:145,1
DA:146,50
DA:149,1
DA:150,21
DA:151,21
DA:154,1
DA:155,21
DA:158,1
DA:159,21
DA:162,1
DA:163,21
DA:166,1
DA:167,21
DA:170,1
DA:171,29
DA:172,29
DA:175,1
DA:176,1
DA:179,2676
DA:180,2676
DA:181,0
DA:182,0
DA:183,0
DA:184,0
DA:198,1
DA:199,3133
DA:201,3133
DA:202,1377
DA:203,1756
DA:204,222
DA:205,222
DA:209,1534
DA:210,1534
DA:211,109
DA:213,1532
DA:217,1018
DA:218,509
DA:219,509
DA:220,508
DA:223,1
DA:224,891
DA:225,891
DA:226,891
DA:227,891
DA:228,891
DA:229,891
DA:230,13
DA:235,1
DA:236,196
DA:237,196
DA:238,196
DA:240,196
DA:241,196
DA:242,32
DA:244,164
DA:245,164
DA:246,156
DA:247,156
DA:248,138
DA:251,8
DA:254,196
DA:255,178
DA:257,18
DA:262,1
DA:263,656
DA:264,656
DA:265,656
DA:266,658
DA:269,1
DA:282,1
DA:288,2676
DA:289,2676
DA:302,1
DA:303,4523
DA:304,4523
DA:305,4523
DA:307,0
DA:308,0
DA:322,1
DA:323,381
DA:324,381
DA:325,381
DA:327,0
DA:328,0
DA:338,1
DA:339,4043
DA:349,1
DA:350,380
DA:360,1
DA:361,530
DA:371,1
DA:372,65
DA:383,1
DA:384,14
DA:395,1
DA:396,41
DA:397,39
DA:398,39
DA:399,39
DA:401,0
DA:402,0
DA:412,4945
DA:413,4945
DA:414,986
DA:415,981
DA:416,884
DA:417,842
DA:419,97
DA:420,58
DA:421,58
DA:423,0
DA:426,981
DA:431,1
DA:432,544
DA:435,1
DA:436,65
DA:439,1
DA:440,609
DA:441,609
DA:442,436
DA:444,173
DA:446,609
DA:448,1
LF:153
LH:142
BRDA:107,1,0,21
BRDA:107,1,1,2655
BRDA:108,2,0,2676
BRDA:108,2,1,2676
BRDA:109,3,0,2676
BRDA:109,3,1,21
BRDA:110,4,0,2676
BRDA:110,4,1,21
BRDA:111,5,0,2676
BRDA:111,5,1,21
BRDA:112,6,0,2676
BRDA:112,6,1,21
BRDA:113,7,0,2676
BRDA:113,7,1,21
BRDA:114,8,0,2676
BRDA:114,8,1,29
BRDA:115,9,0,2676
BRDA:115,9,1,21
BRDA:118,10,0,2675
BRDA:118,10,1,1
BRDA:151,11,0,20
BRDA:151,11,1,1
BRDA:172,12,0,0
BRDA:172,12,1,29
BRDA:172,13,0,29
BRDA:172,13,1,25
BRDA:181,14,0,0
BRDA:181,14,1,0
BRDA:183,15,0,0
BRDA:183,15,1,0
BRDA:201,16,0,1377
BRDA:201,16,1,1756
BRDA:203,17,0,222
BRDA:203,17,1,1534
BRDA:210,18,0,109
BRDA:210,18,1,1425
BRDA:217,19,0,509
BRDA:217,19,1,0
BRDA:219,20,0,509
BRDA:219,20,1,509
BRDA:229,21,0,13
BRDA:229,21,1,878
BRDA:241,22,0,32
BRDA:241,22,1,164
BRDA:245,23,0,156
BRDA:245,23,1,8
BRDA:245,24,0,164
BRDA:245,24,1,164
BRDA:247,25,0,138
BRDA:247,25,1,18
BRDA:254,26,0,178
BRDA:254,26,1,18
BRDA:263,27,0,651
BRDA:263,27,1,5
BRDA:303,28,0,4523
BRDA:303,28,1,0
BRDA:303,29,0,4523
BRDA:303,29,1,392
BRDA:323,30,0,381
BRDA:323,30,1,0
BRDA:397,31,0,39
BRDA:397,31,1,0
BRDA:414,32,0,981
BRDA:414,32,1,5
BRDA:415,33,0,884
BRDA:415,33,1,97
BRDA:415,34,0,981
BRDA:415,34,1,981
BRDA:416,35,0,842
BRDA:416,35,1,42
BRDA:419,36,0,58
BRDA:419,36,1,39
BRDA:419,37,0,97
BRDA:419,37,1,97
BRDA:420,38,0,58
BRDA:420,38,1,0
BRDA:441,39,0,436
BRDA:441,39,1,173
BRDA:441,40,0,609
BRDA:441,40,1,609
BRF:80
BRH:70
end_of_record
TN:
SF:/home/travis/build/coveo/search-ui/src/ui/Base/Initialization.ts
FN:43,(anonymous_726)
FN:73,(anonymous_728)
FN:79,(anonymous_729)
FN:103,(anonymous_730)
FN:117,(anonymous_731)
FN:118,(anonymous_732)
FN:135,(anonymous_733)
FN:140,(anonymous_734)
FN:160,(anonymous_735)
FN:173,(anonymous_736)
FN:184,(anonymous_737)
FN:192,(anonymous_738)
FN:200,(anonymous_739)
FN:212,(anonymous_740)
FN:223,(anonymous_741)
FN:228,(anonymous_742)
FN:240,(anonymous_743)
FN:272,(anonymous_744)
FN:283,(anonymous_745)
FN:296,(anonymous_746)
FN:310,(anonymous_747)
FN:342,(anonymous_748)
FN:364,(anonymous_749)
FN:374,(anonymous_750)
FN:384,(anonymous_751)
FN:404,(anonymous_752)
FN:411,(anonymous_753)
FN:414,(anonymous_754)
FN:418,(anonymous_755)
FN:418,(anonymous_756)
FN:425,(anonymous_757)
FN:444,(anonymous_758)
FN:457,(anonymous_759)
FN:467,(anonymous_760)
FN:491,(anonymous_761)
FN:500,(anonymous_762)
FN:508,(anonymous_763)
FN:518,(anonymous_764)
FN:534,(anonymous_765)
FN:547,(anonymous_766)
FN:551,(anonymous_767)
FN:556,(anonymous_768)
FN:565,(anonymous_769)
FN:581,(anonymous_770)
FN:595,(anonymous_771)
FN:601,(anonymous_772)
FN:603,(anonymous_773)
FN:611,(anonymous_774)
FN:636,(anonymous_775)
FN:648,(anonymous_776)
FN:655,(anonymous_778)
FN:659,(anonymous_779)
FN:663,(anonymous_780)
FN:675,(anonymous_781)
FN:676,(anonymous_782)
FN:678,(anonymous_783)
FN:682,(anonymous_784)
FN:691,(anonymous_785)
FN:692,(anonymous_786)
FN:694,(anonymous_787)
FN:721,(anonymous_788)
FN:732,(anonymous_789)
FN:744,(anonymous_790)
FN:757,(anonymous_791)
FN:763,(anonymous_793)
FN:764,(anonymous_794)
FN:765,(anonymous_795)
FN:789,(anonymous_796)
FN:799,(anonymous_797)
FN:818,(anonymous_798)
FN:821,(anonymous_799)
FNF:71
FNH:60
FNDA:1,(anonymous_726)
FNDA:3,(anonymous_728)
FNDA:54,(anonymous_729)
FNDA:67,(anonymous_730)
FNDA:1304,(anonymous_731)
FNDA:1304,(anonymous_732)
FNDA:17,(anonymous_733)
FNDA:34,(anonymous_734)
FNDA:66,(anonymous_735)
FNDA:19,(anonymous_736)
FNDA:1,(anonymous_737)
FNDA:1385,(anonymous_738)
FNDA:1,(anonymous_739)
FNDA:1347,(anonymous_740)
FNDA:26,(anonymous_741)
FNDA:1,(anonymous_742)
FNDA:25,(anonymous_743)
FNDA:1,(anonymous_744)
FNDA:24,(anonymous_745)
FNDA:21,(anonymous_746)
FNDA:2,(anonymous_747)
FNDA:3,(anonymous_748)
FNDA:701,(anonymous_749)
FNDA:33,(anonymous_750)
FNDA:48376,(anonymous_751)
FNDA:0,(anonymous_752)
FNDA:0,(anonymous_753)
FNDA:0,(anonymous_754)
FNDA:0,(anonymous_755)
FNDA:0,(anonymous_756)
FNDA:1370,(anonymous_757)
FNDA:17,(anonymous_758)
FNDA:3,(anonymous_759)
FNDA:3,(anonymous_760)
FNDA:1,(anonymous_761)
FNDA:0,(anonymous_762)
FNDA:1,(anonymous_763)
FNDA:3,(anonymous_764)
FNDA:3,(anonymous_765)
FNDA:15,(anonymous_766)
FNDA:1352,(anonymous_767)
FNDA:1350,(anonymous_768)
FNDA:2,(anonymous_769)
FNDA:15,(anonymous_770)
FNDA:75,(anonymous_771)
FNDA:75,(anonymous_772)
FNDA:0,(anonymous_773)
FNDA:25,(anonymous_774)
FNDA:2,(anonymous_775)
FNDA:1,(anonymous_776)
FNDA:1310,(anonymous_778)
FNDA:1,(anonymous_779)
FNDA:5,(anonymous_780)
FNDA:0,(anonymous_781)
FNDA:0,(anonymous_782)
FNDA:0,(anonymous_783)
FNDA:1,(anonymous_784)
FNDA:1,(anonymous_785)
FNDA:1,(anonymous_786)
FNDA:2,(anonymous_787)
FNDA:2,(anonymous_788)
FNDA:2,(anonymous_789)
FNDA:20,(anonymous_790)
FNDA:1,(anonymous_791)
FNDA:1370,(anonymous_793)
FNDA:1370,(anonymous_794)
FNDA:1371,(anonymous_795)
FNDA:1346,(anonymous_796)
FNDA:10553,(anonymous_797)
FNDA:1,(anonymous_798)
FNDA:0,(anonymous_799)
DA:2,1
DA:3,1
DA:5,1
DA:6,1
DA:7,1
DA:8,1
DA:9,1
DA:10,1
DA:11,1
DA:12,1
DA:13,1
DA:14,1
DA:15,1
DA:16,1
DA:18,1
DA:20,1
DA:21,1
DA:43,2
DA:54,1
DA:55,1
DA:56,1
DA:60,1
DA:63,1
DA:73,1
DA:74,3
DA:75,3
DA:76,3
DA:79,1
DA:80,54
DA:82,54
DA:83,54
DA:84,4
DA:86,50
DA:89,54
DA:90,2
DA:92,52
DA:103,1
DA:104,67
DA:105,67
DA:106,67
DA:108,67
DA:109,67
DA:112,67
DA:113,67
DA:116,67
DA:117,67
DA:118,1304
DA:119,1304
DA:135,1
DA:136,17
DA:140,17
DA:141,34
DA:142,31
DA:144,3
DA:148,17
DA:149,17
DA:160,1
DA:161,66
DA:173,1
DA:174,19
DA:175,19
DA:176,19
DA:184,1
DA:185,1
DA:192,1
DA:193,1385
DA:200,1
DA:201,1
DA:212,1
DA:213,1347
DA:223,1
DA:224,26
DA:225,26
DA:226,26
DA:227,1
DA:228,1
DA:229,1
DA:233,25
DA:235,25
DA:237,25
DA:238,25
DA:240,25
DA:241,25
DA:243,25
DA:244,25
DA:246,25
DA:248,25
DA:249,25
DA:251,25
DA:252,25
DA:253,15
DA:254,15
DA:256,15
DA:257,15
DA:259,15
DA:266,25
DA:271,25
DA:272,1
DA:273,1
DA:274,0
DA:282,24
DA:283,24
DA:284,24
DA:296,21
DA:297,21
DA:298,21
DA:299,21
DA:300,21
DA:301,21
DA:310,2
DA:311,2
DA:315,2
DA:316,2
DA:318,2
DA:319,2
DA:321,2
DA:322,0
DA:324,2
DA:325,2
DA:326,2
DA:327,2
DA:330,2
DA:331,2
DA:332,2
DA:333,2
DA:342,3
DA:343,3
DA:345,3
DA:348,3
DA:349,2
DA:351,3
DA:352,3
DA:353,3
DA:354,3
DA:364,701
DA:365,701
DA:367,701
DA:369,701
DA:374,701
DA:375,33
DA:376,33
DA:377,2
DA:378,2
DA:382,701
DA:384,701
DA:385,48376
DA:386,48360
DA:387,48360
DA:389,48360
DA:390,48360
DA:391,30
DA:393,48360
DA:394,1370
DA:395,1370
DA:396,1370
DA:404,701
DA:405,0
DA:406,0
DA:409,701
DA:410,0
DA:412,0
DA:413,0
DA:414,0
DA:416,0
DA:418,0
DA:419,0
DA:420,0
DA:425,701
DA:426,1370
DA:427,1370
DA:429,0
DA:432,701
DA:444,1
DA:445,17
DA:446,17
DA:447,17
DA:448,17
DA:449,17
DA:457,1
DA:458,3
DA:467,1
DA:468,3
DA:469,3
DA:471,3
DA:472,3
DA:473,1
DA:474,1
DA:475,1
DA:476,1
DA:479,3
DA:480,3
DA:481,3
DA:483,3
DA:484,3
DA:485,3
DA:488,3
DA:491,2
DA:492,1
DA:493,1
DA:494,1
DA:495,0
DA:497,1
DA:498,1
DA:499,0
DA:500,0
DA:502,0
DA:503,0
DA:504,0
DA:505,0
DA:507,1
DA:509,1
DA:510,1
DA:511,0
DA:518,1
DA:519,3
DA:520,3
DA:522,3
DA:523,3
DA:525,2
DA:526,2
DA:527,0
DA:529,2
DA:534,1
DA:535,3
DA:536,3
DA:538,3
DA:539,1
DA:540,2
DA:541,2
DA:543,0
DA:547,1
DA:548,15
DA:551,1
DA:552,1352
DA:553,1352
DA:556,1
DA:559,1350
DA:560,0
DA:562,1350
DA:565,1
DA:566,2
DA:567,2
DA:569,2
DA:570,1
DA:572,1
DA:573,1
DA:574,1
DA:576,0
DA:581,1
DA:582,15
DA:583,15
DA:584,0
DA:585,0
DA:587,15
DA:588,0
DA:590,15
DA:595,1
DA:596,75
DA:597,75
DA:601,1
DA:602,75
DA:603,0
DA:604,0
DA:605,0
DA:611,1
DA:612,25
DA:613,2
DA:614,2
DA:615,2
DA:616,2
DA:617,2
DA:618,2
DA:619,2
DA:620,2
DA:621,2
DA:622,2
DA:623,2
DA:624,2
DA:636,2
DA:637,2
DA:638,2
DA:639,1
DA:640,1
DA:641,1
DA:646,1
DA:648,2
DA:649,1
DA:652,1
DA:653,1
DA:655,1
DA:656,1310
DA:659,1
DA:660,1
DA:663,1
DA:664,5
DA:665,4
DA:666,4
DA:667,4
DA:669,4
DA:671,1
DA:675,1
DA:676,0
DA:677,0
DA:678,0
DA:682,1
DA:683,1
DA:684,1
DA:685,1
DA:687,0
DA:691,1
DA:692,1
DA:693,1
DA:694,1
DA:696,2
DA:699,2
DA:700,2
DA:701,0
DA:702,0
DA:703,0
DA:704,0
DA:705,0
DA:707,2
DA:709,2
DA:712,1
DA:715,1
DA:721,1
DA:722,2
DA:723,2
DA:728,2
DA:729,0
DA:732,2
DA:733,2
DA:735,2
DA:736,0
DA:739,2
DA:740,2
DA:741,2
DA:743,2
DA:744,2
DA:745,20
DA:747,2
DA:748,2
DA:751,2
DA:752,2
DA:755,1
DA:757,2
DA:758,1
DA:761,1
DA:763,1
DA:764,1370
DA:765,1370
DA:766,1371
DA:769,1346
DA:770,1346
DA:771,1346
DA:772,1346
DA:773,1346
DA:774,1346
DA:775,1346
DA:777,1346
DA:778,1346
DA:783,1370
DA:789,1
DA:790,1346
DA:791,1346
DA:793,1346
DA:794,1346
DA:795,1346
DA:796,1346
DA:798,1346
DA:799,1346
DA:800,10553
DA:802,1346
DA:803,1346
DA:809,1346
DA:810,1
DA:813,1345
DA:817,1345
DA:818,1
DA:819,1
DA:820,1
DA:822,0
DA:824,1
DA:826,1344
DA:829,1
LF:385
LH:342
BRDA:74,1,0,3
BRDA:74,1,1,2
BRDA:83,2,0,4
BRDA:83,2,1,50
BRDA:89,3,0,2
BRDA:89,3,1,52
BRDA:108,4,0,67
BRDA:108,4,1,0
BRDA:112,5,0,67
BRDA:112,5,1,0
BRDA:116,6,0,67
BRDA:116,6,1,0
BRDA:141,7,0,31
BRDA:141,7,1,3
BRDA:174,8,0,19
BRDA:174,8,1,0
BRDA:175,9,0,19
BRDA:175,9,1,0
BRDA:185,10,0,1
BRDA:185,10,1,0
BRDA:226,11,0,1
BRDA:226,11,1,25
BRDA:252,12,0,15
BRDA:252,12,1,9
BRDA:256,13,0,15
BRDA:256,13,1,0
BRDA:271,14,0,1
BRDA:271,14,1,24
BRDA:296,15,0,0
BRDA:296,15,1,21
BRDA:310,16,0,0
BRDA:310,16,1,2
BRDA:315,17,0,2
BRDA:315,17,1,0
BRDA:318,18,0,2
BRDA:318,18,1,0
BRDA:321,19,0,0
BRDA:321,19,1,2
BRDA:324,20,0,2
BRDA:324,20,1,0
BRDA:324,21,0,2
BRDA:324,21,1,0
BRDA:324,21,2,0
BRDA:342,22,0,0
BRDA:342,22,1,3
BRDA:348,23,0,2
BRDA:348,23,1,1
BRDA:376,24,0,2
BRDA:376,24,1,31
BRDA:385,25,0,48360
BRDA:385,25,1,16
BRDA:390,26,0,30
BRDA:390,26,1,48330
BRDA:390,27,0,48360
BRDA:390,27,1,30
BRDA:393,28,0,1370
BRDA:393,28,1,46990
BRDA:409,29,0,0
BRDA:409,29,1,701
BRDA:413,30,0,0
BRDA:413,30,1,0
BRDA:472,31,0,1
BRDA:472,31,1,2
BRDA:484,32,0,3
BRDA:484,32,1,0
BRDA:491,33,0,0
BRDA:491,33,1,1
BRDA:491,34,0,1
BRDA:491,34,1,0
BRDA:491,35,0,1
BRDA:491,35,1,0
BRDA:494,36,0,0
BRDA:494,36,1,1
BRDA:498,37,0,0
BRDA:498,37,1,1
BRDA:500,38,0,0
BRDA:500,38,1,0
BRDA:526,39,0,0
BRDA:526,39,1,2
BRDA:538,40,0,1
BRDA:538,40,1,2
BRDA:540,41,0,2
BRDA:540,41,1,0
BRDA:559,42,0,0
BRDA:559,42,1,1350
BRDA:562,43,0,1350
BRDA:562,43,1,2
BRDA:562,43,2,1
BRDA:573,44,0,1
BRDA:573,44,1,0
BRDA:583,45,0,0
BRDA:583,45,1,15
BRDA:584,46,0,0
BRDA:584,46,1,0
BRDA:587,47,0,0
BRDA:587,47,1,15
BRDA:596,48,0,75
BRDA:596,48,1,0
BRDA:602,49,0,0
BRDA:602,49,1,75
BRDA:604,50,0,0
BRDA:604,50,1,0
BRDA:612,51,0,2
BRDA:612,51,1,23
BRDA:612,52,0,25
BRDA:612,52,1,25
BRDA:638,53,0,1
BRDA:638,53,1,1
BRDA:640,54,0,1
BRDA:640,54,1,0
BRDA:664,55,0,4
BRDA:664,55,1,1
BRDA:666,56,0,4
BRDA:666,56,1,0
BRDA:683,57,0,1
BRDA:683,57,1,0
BRDA:696,58,0,2
BRDA:696,58,1,0
BRDA:700,59,0,0
BRDA:700,59,1,2
BRDA:703,60,0,0
BRDA:703,60,1,0
BRDA:728,61,0,0
BRDA:728,61,1,2
BRDA:735,62,0,0
BRDA:735,62,1,2
BRDA:743,63,0,2
BRDA:743,63,1,0
BRDA:766,64,0,1346
BRDA:766,64,1,25
BRDA:770,65,0,1346
BRDA:770,65,1,0
BRDA:773,66,0,12
BRDA:773,66,1,1334
BRDA:798,67,0,1346
BRDA:798,67,1,0
BRDA:809,68,0,1
BRDA:809,68,1,1345
BRDA:817,69,0,1
BRDA:817,69,1,1344
BRF:140
BRH:89
end_of_record
TN:
SF:/home/travis/build/coveo/search-ui/src/misc/Assert.ts
FN:5,(anonymous_806)
FN:22,(anonymous_808)
FN:26,(anonymous_809)
FN:32,(anonymous_810)
FN:36,(anonymous_811)
FN:40,(anonymous_812)
FN:44,(anonymous_813)
FN:48,(anonymous_814)
FN:52,(anonymous_815)
FN:56,(anonymous_816)
FN:60,(anonymous_817)
FN:66,(anonymous_818)
FN:70,(anonymous_819)
FN:74,(anonymous_820)
FN:78,(anonymous_821)
FN:82,(anonymous_822)
FN:86,(anonymous_823)
FN:8,(anonymous_824)
FN:91,(anonymous_825)
FN:92,PreconditionFailedException
FN:96,(anonymous_827)
FNF:21
FNH:15
FNDA:1,(anonymous_806)
FNDA:42,(anonymous_808)
FNDA:348532,(anonymous_809)
FNDA:0,(anonymous_810)
FNDA:1339,(anonymous_811)
FNDA:0,(anonymous_812)
FNDA:1331,(anonymous_813)
FNDA:246773,(anonymous_814)
FNDA:119,(anonymous_815)
FNDA:744,(anonymous_816)
FNDA:178,(anonymous_817)
FNDA:94302,(anonymous_818)
FNDA:27,(anonymous_819)
FNDA:0,(anonymous_820)
FNDA:317,(anonymous_821)
FNDA:0,(anonymous_822)
FNDA:0,(anonymous_823)
FNDA:42,(anonymous_824)
FNDA:1,(anonymous_825)
FNDA:42,PreconditionFailedException
FNDA:0,(anonymous_827)
DA:1,1
DA:2,1
DA:3,1
DA:5,2
DA:6,1
DA:8,1
DA:9,42
DA:11,42
DA:12,42
DA:15,42
DA:16,30
DA:18,12
DA:22,1
DA:23,42
DA:26,1
DA:27,348532
DA:28,40
DA:32,1
DA:33,0
DA:36,1
DA:37,1339
DA:40,1
DA:41,0
DA:44,1
DA:45,1331
DA:48,1
DA:49,246773
DA:52,1
DA:53,119
DA:56,1
DA:57,744
DA:60,1
DA:61,178
DA:62,178
DA:63,178
DA:66,1
DA:67,94302
DA:70,1
DA:71,27
DA:74,1
DA:75,0
DA:78,1
DA:79,317
DA:82,1
DA:83,0
DA:86,1
DA:87,0
DA:89,1
DA:91,1
DA:92,43
DA:96,1
DA:97,0
DA:99,1
LF:53
LH:47
BRDA:27,1,0,40
BRDA:27,1,1,348492
BRDA:11,2,0,42
BRDA:11,2,1,0
BRDA:11,3,0,42
BRDA:11,3,1,42
BRDA:15,4,0,30
BRDA:15,4,1,12
BRDA:93,5,0,42
BRDA:93,5,1,0
BRF:10
BRH:8
end_of_record
TN:
SF:/home/travis/build/coveo/search-ui/src/GlobalExports.ts
FN:10,exportGlobally
FN:14,(anonymous_830)
FN:21,lazyExport
FN:31,lazyExportModule
FNF:4
FNH:2
FNDA:74,exportGlobally
FNDA:115,(anonymous_830)
FNDA:0,lazyExport
FNDA:0,lazyExportModule
DA:1,1
DA:3,1
DA:4,1
DA:10,2
DA:11,74
DA:12,0
DA:14,74
DA:15,115
DA:16,1
DA:21,2
DA:22,0
DA:23,0
DA:25,0
DA:27,0
DA:28,0
DA:31,2
DA:32,0
DA:33,0
DA:35,0
LF:19
LH:10
BRDA:11,1,0,0
BRDA:11,1,1,74
BRDA:15,2,0,1
BRDA:15,2,1,114
BRDA:22,3,0,0
BRDA:22,3,1,0
BRDA:32,4,0,0
BRDA:32,4,1,0
BRF:8
BRH:3
end_of_record
TN:
SF:/home/travis/build/coveo/search-ui/src/ui/Base/ComponentOptions.ts
FN:207,(anonymous_834)
FN:240,(anonymous_835)
FN:250,(anonymous_837)
FN:261,(anonymous_838)
FN:272,(anonymous_839)
FN:286,(anonymous_840)
FN:299,(anonymous_841)
FN:312,(anonymous_842)
FN:325,(anonymous_843)
FN:342,(anonymous_844)
FN:353,(anonymous_845)
FN:364,(anonymous_846)
FN:375,(anonymous_847)
FN:388,(anonymous_848)
FN:392,(anonymous_849)
FN:396,(anonymous_850)
FN:400,(anonymous_851)
FN:401,(anonymous_852)
FN:410,(anonymous_853)
FN:414,(anonymous_854)
FN:415,(anonymous_855)
FN:422,(anonymous_856)
FN:425,(anonymous_857)
FN:458,(anonymous_858)
FN:465,(anonymous_859)
FN:475,(anonymous_860)
FN:479,(anonymous_861)
FN:491,(anonymous_862)
FN:495,(anonymous_863)
FN:564,(anonymous_864)
FN:568,(anonymous_865)
FN:588,(anonymous_866)
FN:594,(anonymous_867)
FN:600,(anonymous_868)
FN:606,(anonymous_869)
FN:611,(anonymous_870)
FN:629,(anonymous_871)
FN:646,(anonymous_872)
FN:650,(anonymous_873)
FN:656,(anonymous_874)
FN:661,(anonymous_875)
FN:674,(anonymous_876)
FN:679,(anonymous_877)
FN:698,(anonymous_878)
FN:706,(anonymous_879)
FN:711,(anonymous_880)
FN:743,(anonymous_881)
FN:747,(anonymous_882)
FN:750,(anonymous_883)
FN:755,(anonymous_884)
FN:768,(anonymous_885)
FN:772,(anonymous_886)
FN:775,(anonymous_887)
FN:787,(anonymous_888)
FNF:54
FNH:54
FNDA:1,(anonymous_834)
FNDA:1,(anonymous_835)
FNDA:116,(anonymous_837)
FNDA:58,(anonymous_838)
FNDA:102,(anonymous_839)
FNDA:2,(anonymous_840)
FNDA:1,(anonymous_841)
FNDA:2,(anonymous_842)
FNDA:3,(anonymous_843)
FNDA:27,(anonymous_844)
FNDA:20,(anonymous_845)
FNDA:5,(anonymous_846)
FNDA:14,(anonymous_847)
FNDA:5,(anonymous_848)
FNDA:5,(anonymous_849)
FNDA:8,(anonymous_850)
FNDA:12,(anonymous_851)
FNDA:1189,(anonymous_852)
FNDA:3,(anonymous_853)
FNDA:3,(anonymous_854)
FNDA:80,(anonymous_855)
FNDA:8,(anonymous_856)
FNDA:103,(anonymous_857)
FNDA:396,(anonymous_858)
FNDA:48542,(anonymous_859)
FNDA:24573,(anonymous_860)
FNDA:797,(anonymous_861)
FNDA:3014,(anonymous_862)
FNDA:3198,(anonymous_863)
FNDA:23642,(anonymous_864)
FNDA:11,(anonymous_865)
FNDA:1832,(anonymous_866)
FNDA:193,(anonymous_867)
FNDA:4,(anonymous_868)
FNDA:1181,(anonymous_869)
FNDA:4,(anonymous_870)
FNDA:3003,(anonymous_871)
FNDA:9502,(anonymous_872)
FNDA:796,(anonymous_873)
FNDA:1,(anonymous_874)
FNDA:188,(anonymous_875)
FNDA:440,(anonymous_876)
FNDA:332,(anonymous_877)
FNDA:332,(anonymous_878)
FNDA:193,(anonymous_879)
FNDA:195,(anonymous_880)
FNDA:4,(anonymous_881)
FNDA:192,(anonymous_882)
FNDA:9,(anonymous_883)
FNDA:56,(anonymous_884)
FNDA:113,(anonymous_885)
FNDA:24237,(anonymous_886)
FNDA:178,(anonymous_887)
FNDA:14,(anonymous_888)
DA:2,1
DA:3,1
DA:5,1
DA:6,1
DA:7,1
DA:8,1
DA:9,1
DA:10,1
DA:11,1
DA:12,1
DA:13,1
DA:207,2
DA:208,1
DA:209,1
DA:210,1
DA:211,1
DA:212,1
DA:213,1
DA:214,1
DA:215,1
DA:216,1
DA:217,1
DA:218,1
DA:219,1
DA:220,1
DA:221,1
DA:222,1
DA:223,1
DA:224,1
DA:225,1
DA:226,1
DA:229,1
DA:230,1
DA:231,1
DA:240,2
DA:250,1
DA:251,116
DA:261,1
DA:262,58
DA:272,1
DA:273,102
DA:286,1
DA:287,2
DA:299,1
DA:300,1
DA:312,1
DA:313,2
DA:325,1
DA:326,3
DA:342,1
DA:343,27
DA:353,1
DA:354,20
DA:364,1
DA:365,5
DA:375,1
DA:376,14
DA:388,1
DA:389,5
DA:392,1
DA:393,5
DA:396,1
DA:397,8
DA:400,1
DA:401,12
DA:402,1189
DA:403,1189
DA:404,3
DA:407,12
DA:410,1
DA:411,3
DA:414,1
DA:415,3
DA:416,80
DA:417,80
DA:419,3
DA:422,1
DA:423,8
DA:426,103
DA:427,103
DA:430,103
DA:433,103
DA:434,398
DA:435,398
DA:436,398
DA:438,103
DA:439,103
DA:442,103
DA:443,103
DA:444,398
DA:445,398
DA:446,398
DA:447,141
DA:448,141
DA:451,103
DA:453,8
DA:458,510
DA:459,396
DA:460,396
DA:461,396
DA:462,396
DA:465,1
DA:466,48542
DA:467,2
DA:469,48540
DA:470,24572
DA:472,23968
DA:475,1
DA:476,24573
DA:479,1
DA:480,797
DA:491,1
DA:492,3014
DA:495,1
DA:498,3198
DA:499,3198
DA:500,257
DA:502,3198
DA:503,3198
DA:504,24269
DA:505,24269
DA:506,24269
DA:507,24269
DA:509,24269
DA:510,24269
DA:511,24261
DA:512,0
DA:516,24261
DA:517,1692
DA:520,24261
DA:521,22346
DA:522,12747
DA:523,338
DA:524,12409
DA:525,1
DA:527,12408
DA:529,9599
DA:530,1215
DA:533,24261
DA:534,15675
DA:535,5
DA:536,5
DA:537,3
DA:538,3
DA:539,1
DA:541,3
DA:542,3
DA:545,15672
DA:546,10
DA:547,15662
DA:548,624
DA:550,15038
DA:554,3190
DA:555,24261
DA:556,24261
DA:557,24261
DA:558,769
DA:561,3190
DA:564,1
DA:565,23642
DA:568,1
DA:569,11
DA:570,11
DA:571,11
DA:576,0
DA:577,0
DA:579,0
DA:580,0
DA:581,0
DA:584,0
DA:585,0
DA:588,1
DA:589,1832
DA:590,1832
DA:591,1832
DA:594,1
DA:595,193
DA:596,193
DA:597,191
DA:599,2
DA:600,2
DA:601,4
DA:603,2
DA:606,1
DA:607,1181
DA:608,1181
DA:609,1181
DA:610,4
DA:611,4
DA:612,4
DA:613,4
DA:614,2
DA:615,2
DA:616,2
DA:617,2
DA:618,2
DA:619,2
DA:624,2
DA:626,1177
DA:629,1
DA:630,3003
DA:631,3003
DA:632,2999
DA:634,4
DA:635,4
DA:636,1
DA:637,1
DA:639,4
DA:640,1
DA:641,1
DA:643,4
DA:646,1
DA:647,9502
DA:650,1
DA:651,796
DA:652,796
DA:653,796
DA:656,1
DA:657,1
DA:658,1
DA:661,1
DA:662,188
DA:663,188
DA:664,185
DA:666,3
DA:667,3
DA:669,1
DA:670,1
DA:674,879
DA:675,440
DA:676,440
DA:679,660
DA:680,332
DA:682,332
DA:683,332
DA:684,332
DA:685,2
DA:688,332
DA:689,330
DA:690,330
DA:691,329
DA:693,330
DA:695,332
DA:698,1
DA:699,332
DA:700,332
DA:701,1
DA:703,331
DA:706,1
DA:707,193
DA:708,193
DA:711,386
DA:713,195
DA:716,195
DA:717,195
DA:718,195
DA:719,1
DA:720,1
DA:721,1
DA:725,195
DA:726,194
DA:727,194
DA:728,194
DA:729,3
DA:733,195
DA:734,191
DA:735,191
DA:736,190
DA:738,191
DA:740,195
DA:743,1
DA:744,4
DA:747,1
DA:748,192
DA:749,192
DA:750,9
DA:752,187
DA:755,111
DA:756,56
DA:757,113
DA:758,1
DA:759,1
DA:761,0
DA:763,112
DA:765,55
DA:768,1
DA:769,113
DA:772,1
DA:773,24237
DA:774,101
DA:775,101
DA:776,178
DA:777,178
DA:778,5
DA:781,101
DA:783,24136
DA:787,1
DA:788,14
DA:789,14
DA:790,14
DA:793,14
DA:795,14
DA:796,1
DA:797,13
DA:798,13
DA:800,0
DA:801,0
DA:804,1
LF:308
LH:297
BRDA:207,1,0,1
BRDA:207,1,1,1
BRDA:403,2,0,3
BRDA:403,2,1,1186
BRDA:446,3,0,141
BRDA:446,3,1,257
BRDA:451,4,0,53
BRDA:451,4,1,50
BRDA:458,5,0,114
BRDA:458,5,1,282
BRDA:466,6,0,2
BRDA:466,6,1,48540
BRDA:466,7,0,48542
BRDA:466,7,1,24227
BRDA:469,8,0,24572
BRDA:469,8,1,23968
BRDA:499,9,0,257
BRDA:499,9,1,2941
BRDA:509,10,0,24269
BRDA:509,10,1,0
BRDA:511,11,0,0
BRDA:511,11,1,24261
BRDA:511,12,0,24261
BRDA:511,12,1,223
BRDA:516,13,0,1692
BRDA:516,13,1,22569
BRDA:516,14,0,24261
BRDA:516,14,1,24038
BRDA:520,15,0,22346
BRDA:520,15,1,1915
BRDA:520,16,0,24261
BRDA:520,16,1,22346
BRDA:521,17,0,12747
BRDA:521,17,1,9599
BRDA:522,18,0,338
BRDA:522,18,1,12409
BRDA:524,19,0,1
BRDA:524,19,1,12408
BRDA:529,20,0,1215
BRDA:529,20,1,8384
BRDA:533,21,0,15675
BRDA:533,21,1,8586
BRDA:534,22,0,5
BRDA:534,22,1,15670
BRDA:536,23,0,3
BRDA:536,23,1,2
BRDA:538,24,0,1
BRDA:538,24,1,2
BRDA:545,25,0,10
BRDA:545,25,1,15662
BRDA:545,26,0,15672
BRDA:545,26,1,57
BRDA:547,27,0,624
BRDA:547,27,1,15038
BRDA:557,28,0,769
BRDA:557,28,1,23492
BRDA:565,29,0,23642
BRDA:565,29,1,23519
BRDA:570,30,0,11
BRDA:570,30,1,0
BRDA:579,31,0,0
BRDA:579,31,1,0
BRDA:590,32,0,1832
BRDA:590,32,1,12
BRDA:596,33,0,191
BRDA:596,33,1,2
BRDA:608,34,0,1181
BRDA:608,34,1,0
BRDA:609,35,0,4
BRDA:609,35,1,1177
BRDA:609,36,0,1181
BRDA:609,36,1,1181
BRDA:613,37,0,2
BRDA:613,37,1,2
BRDA:616,38,0,2
BRDA:616,38,1,0
BRDA:618,39,0,2
BRDA:618,39,1,0
BRDA:624,40,0,2
BRDA:624,40,1,0
BRDA:631,41,0,2999
BRDA:631,41,1,4
BRDA:634,42,0,1
BRDA:634,42,1,3
BRDA:635,43,0,1
BRDA:635,43,1,3
BRDA:635,44,0,4
BRDA:635,44,1,1
BRDA:639,45,0,1
BRDA:639,45,1,3
BRDA:639,46,0,4
BRDA:639,46,1,1
BRDA:651,47,0,796
BRDA:651,47,1,795
BRDA:653,48,0,71
BRDA:653,48,1,725
BRDA:658,49,0,1
BRDA:658,49,1,0
BRDA:663,50,0,185
BRDA:663,50,1,3
BRDA:674,51,0,439
BRDA:674,51,1,1
BRDA:676,52,0,1
BRDA:676,52,1,439
BRDA:679,53,0,328
BRDA:679,53,1,4
BRDA:682,54,0,332
BRDA:682,54,1,331
BRDA:683,55,0,332
BRDA:683,55,1,330
BRDA:684,56,0,2
BRDA:684,56,1,330
BRDA:688,57,0,330
BRDA:688,57,1,2
BRDA:690,58,0,329
BRDA:690,58,1,1
BRDA:700,59,0,1
BRDA:700,59,1,331
BRDA:711,60,0,191
BRDA:711,60,1,4
BRDA:716,61,0,195
BRDA:716,61,1,127
BRDA:717,62,0,195
BRDA:717,62,1,194
BRDA:718,63,0,1
BRDA:718,63,1,194
BRDA:720,64,0,1
BRDA:720,64,1,0
BRDA:725,65,0,194
BRDA:725,65,1,1
BRDA:726,66,0,194
BRDA:726,66,1,126
BRDA:727,67,0,194
BRDA:727,67,1,191
BRDA:728,68,0,3
BRDA:728,68,1,191
BRDA:733,69,0,191
BRDA:733,69,1,4
BRDA:735,70,0,190
BRDA:735,70,1,1
BRDA:744,71,0,4
BRDA:744,71,1,0
BRDA:749,72,0,5
BRDA:749,72,1,187
BRDA:755,73,0,55
BRDA:755,73,1,1
BRDA:756,74,0,168
BRDA:756,74,1,168
BRDA:757,75,0,1
BRDA:757,75,1,112
BRDA:758,76,0,1
BRDA:758,76,1,0
BRDA:769,77,0,113
BRDA:769,77,1,112
BRDA:773,78,0,101
BRDA:773,78,1,24136
BRDA:777,79,0,5
BRDA:777,79,1,173
BRDA:795,80,0,1
BRDA:795,80,1,13
BRDA:797,81,0,13
BRDA:797,81,1,0
BRF:162
BRH:148
end_of_record
TN:
SF:/home/travis/build/coveo/search-ui/src/ui/Analytics/AnalyticsActionListMeta.ts
FNF:0
FNH:0
DA:206,1
LF:1
LH:1
BRF:0
BRH:0
end_of_record
TN:
SF:/home/travis/build/coveo/search-ui/src/strings/Strings.ts
FN:510,l
FNF:1
FNH:1
FNDA:6236,l
DA:1,1
DA:510,13956
LF:2
LH:2
BRF:0
BRH:0
end_of_record
TN:
SF:/home/travis/build/coveo/search-ui/src/events/QueryEvents.ts
FN:218,(anonymous_922)
FNF:1
FNH:1
FNDA:1,(anonymous_922)
DA:218,2
DA:227,1
DA:238,1
DA:249,1
DA:258,1
DA:267,1
DA:276,1
DA:285,1
DA:296,1
DA:305,1
DA:318,1
DA:331,1
DA:340,1
DA:341,1
DA:342,1
LF:15
LH:15
BRF:0
BRH:0
end_of_record
TN:
SF:/home/travis/build/coveo/search-ui/src/models/QueryStateModel.ts
FN:41,(anonymous_956)
FN:86,QueryStateModel
FN:68,(anonymous_958)
FN:72,(anonymous_959)
FN:76,(anonymous_960)
FN:95,(anonymous_961)
FN:96,(anonymous_962)
FN:101,(anonymous_963)
FN:106,(anonymous_964)
FN:114,setState
FNF:10
FNH:10
FNDA:1,(anonymous_956)
FNDA:218,QueryStateModel
FNDA:836,(anonymous_958)
FNDA:177,(anonymous_959)
FNDA:173,(anonymous_960)
FNDA:8,(anonymous_961)
FNDA:76,(anonymous_962)
FNDA:66,(anonymous_963)
FNDA:66,(anonymous_964)
FNDA:2,setState
DA:1,1
DA:2,1
DA:4,1
DA:5,1
DA:7,1
DA:41,1
DA:42,1
DA:44,1
DA:56,1
DA:68,1495
DA:69,836
DA:72,1
DA:73,177
DA:76,1
DA:77,173
DA:86,219
DA:87,218
DA:88,218
DA:95,1
DA:96,8
DA:97,76
DA:101,1
DA:102,66
DA:103,62
DA:106,1
DA:107,66
DA:108,8
DA:109,5
DA:112,1
DA:114,2
DA:115,2
DA:117,2
DA:119,0
DA:120,2
DA:122,1
DA:123,1
DA:125,0
DA:126,0
DA:127,0
DA:128,1
DA:130,1
DA:131,1
DA:132,1
DA:133,1
DA:134,1
LF:45
LH:41
BRDA:88,1,0,218
BRDA:88,1,1,0
BRDA:68,2,0,659
BRDA:68,2,1,177
BRDA:69,3,0,659
BRDA:69,3,1,177
BRDA:97,4,0,76
BRDA:97,4,1,4
BRDA:107,5,0,8
BRDA:107,5,1,58
BRDA:117,6,0,0
BRDA:117,6,1,2
BRDA:117,7,0,2
BRDA:117,7,1,2
BRDA:120,8,0,1
BRDA:120,8,1,1
BRDA:120,9,0,2
BRDA:120,9,1,1
BRDA:123,10,0,0
BRDA:123,10,1,1
BRDA:128,11,0,1
BRDA:128,11,1,0
BRF:22
BRH:18
end_of_record
TN:
SF:/home/travis/build/coveo/search-ui/src/utils/SVGIcons.ts
FN:5,(anonymous_967)
FNF:1
FNH:1
FNDA:1,(anonymous_967)
DA:5,2
DA:6,1
DA:45,1
LF:3
LH:3
BRF:0
BRH:0
end_of_record
TN:
SF:/home/travis/build/coveo/search-ui/src/utils/SVGDom.ts
FN:3,(anonymous_970)
FN:5,(anonymous_972)
FN:10,(anonymous_973)
FN:15,(anonymous_974)
FNF:4
FNH:4
FNDA:1,(anonymous_970)
FNDA:3959,(anonymous_972)
FNDA:58,(anonymous_973)
FNDA:4017,(anonymous_974)
DA:3,2
DA:5,1
DA:6,3959
DA:7,3959
DA:10,1
DA:11,58
DA:12,58
DA:15,1
DA:16,4017
DA:17,4017
DA:19,1
LF:11
LH:11
BRDA:17,1,0,72
BRDA:17,1,1,3945
BRF:2
BRH:2
end_of_record
TN:
SF:/home/travis/build/coveo/search-ui/src/events/InitializationEvents.ts
FN:8,(anonymous_976)
FNF:1
FNH:1
FNDA:1,(anonymous_976)
DA:8,2
DA:15,1
DA:25,1
DA:34,1
DA:45,1
DA:54,1
DA:55,1
LF:7
LH:7
BRF:0
BRH:0
end_of_record
TN:
SF:/home/travis/build/coveo/search-ui/src/ui/Base/QueryBuilder.ts
FN:38,(anonymous_979)
FN:231,(anonymous_981)
FN:285,(anonymous_982)
FN:293,(anonymous_983)
FN:311,(anonymous_984)
FN:321,(anonymous_985)
FN:347,(anonymous_986)
FN:351,(anonymous_987)
FN:360,(anonymous_988)
FN:364,(anonymous_989)
FN:378,(anonymous_990)
FN:391,(anonymous_991)
FNF:12
FNH:12
FNDA:2274,(anonymous_979)
FNDA:2040,(anonymous_981)
FNDA:2,(anonymous_982)
FNDA:47,(anonymous_983)
FNDA:2,(anonymous_984)
FNDA:36,(anonymous_985)
FNDA:3,(anonymous_986)
FNDA:4,(anonymous_987)
FNDA:1,(anonymous_988)
FNDA:2040,(anonymous_989)
FNDA:4,(anonymous_990)
FNDA:11,(anonymous_991)
DA:1,1
DA:6,1
DA:38,2
DA:44,2273
DA:50,2273
DA:56,2273
DA:63,2273
DA:70,2273
DA:109,2273
DA:138,2273
DA:143,2273
DA:169,2273
DA:170,2273
DA:175,2273
DA:181,2273
DA:195,2273
DA:197,2273
DA:203,2273
DA:207,2273
DA:211,2273
DA:212,2273
DA:231,1
DA:232,2040
DA:277,2040
DA:285,1
DA:286,2
DA:293,1
DA:294,47
DA:296,47
DA:311,1
DA:312,2
DA:321,1
DA:322,36
DA:323,36
DA:325,36
DA:326,36
DA:327,36
DA:329,36
DA:330,36
DA:331,36
DA:333,36
DA:347,1
DA:348,3
DA:351,1
DA:352,4
DA:360,1
DA:361,1
DA:364,1
DA:365,2040
DA:366,9
DA:368,2031
DA:378,1
DA:379,4
DA:380,3
DA:382,4
DA:391,1
DA:392,11
DA:393,10
DA:395,11
DA:397,1
LF:60
LH:60
BRDA:348,1,0,3
BRDA:348,1,1,3
BRDA:361,2,0,1
BRDA:361,2,1,1
BRDA:365,3,0,9
BRDA:365,3,1,2031
BRDA:365,4,0,2040
BRDA:365,4,1,2039
BRDA:366,5,0,9
BRDA:366,5,1,1
BRDA:379,6,0,3
BRDA:379,6,1,1
BRDA:392,7,0,10
BRDA:392,7,1,1
BRF:14
BRH:14
end_of_record
TN:
SF:/home/travis/build/coveo/search-ui/src/misc/Logger.ts
FN:6,(anonymous_993)
FN:8,(anonymous_994)
FN:10,(anonymous_995)
FN:12,(anonymous_996)
FN:14,(anonymous_997)
FN:16,(anonymous_998)
FN:18,(anonymous_999)
FN:20,(anonymous_1000)
FN:22,(anonymous_1001)
FN:24,(anonymous_1002)
FN:26,(anonymous_1003)
FN:28,(anonymous_1004)
FN:30,(anonymous_1005)
FN:32,(anonymous_1006)
FN:34,(anonymous_1007)
FN:36,(anonymous_1008)
FN:38,(anonymous_1009)
FN:40,(anonymous_1010)
FN:42,(anonymous_1011)
FN:44,(anonymous_1012)
FN:50,(anonymous_1013)
FN:61,Logger
FN:64,(anonymous_1015)
FN:70,(anonymous_1016)
FN:76,(anonymous_1017)
FN:82,(anonymous_1018)
FN:88,(anonymous_1019)
FN:94,(anonymous_1020)
FN:112,(anonymous_1021)
FN:116,(anonymous_1022)
FNF:30
FNH:30
FNDA:0,(anonymous_993)
FNDA:0,(anonymous_994)
FNDA:0,(anonymous_995)
FNDA:0,(anonymous_996)
FNDA:0,(anonymous_997)
FNDA:0,(anonymous_998)
FNDA:0,(anonymous_999)
FNDA:0,(anonymous_1000)
FNDA:0,(anonymous_1001)
FNDA:0,(anonymous_1002)
FNDA:0,(anonymous_1003)
FNDA:0,(anonymous_1004)
FNDA:0,(anonymous_1005)
FNDA:0,(anonymous_1006)
FNDA:0,(anonymous_1007)
FNDA:0,(anonymous_1008)
FNDA:0,(anonymous_1009)
FNDA:0,(anonymous_1010)
FNDA:0,(anonymous_1011)
FNDA:0,(anonymous_1012)
FNDA:1,(anonymous_1013)
FNDA:7927,Logger
FNDA:2303,(anonymous_1015)
FNDA:629,(anonymous_1016)
FNDA:446,(anonymous_1017)
FNDA:55,(anonymous_1018)
FNDA:68,(anonymous_1019)
FNDA:0,(anonymous_1020)
FNDA:0,(anonymous_1021)
FNDA:1,(anonymous_1022)
DA:4,1
DA:5,1
DA:50,1
DA:51,1
DA:52,1
DA:53,1
DA:54,1
DA:55,1
DA:56,1
DA:58,1
DA:59,1
DA:61,7927
DA:64,8887
DA:65,2303
DA:66,1
DA:70,1292
DA:71,629
DA:72,1
DA:76,1078
DA:77,446
DA:78,1
DA:82,142
DA:83,55
DA:84,1
DA:88,194
DA:89,68
DA:90,1
DA:94,1
DA:95,1
DA:96,1
DA:97,1
DA:98,1
DA:99,1
DA:100,1
DA:101,1
DA:103,1
DA:105,1
DA:106,1
DA:107,1
DA:112,1
DA:113,1
DA:116,1
DA:117,1
DA:119,1
LF:44
LH:44
BRDA:4,1,0,0
BRDA:4,1,1,1
BRDA:65,2,0,0
BRDA:65,2,1,2303
BRDA:71,3,0,0
BRDA:71,3,1,629
BRDA:77,4,0,0
BRDA:77,4,1,446
BRDA:83,5,0,0
BRDA:83,5,1,55
BRDA:89,6,0,0
BRDA:89,6,1,68
BRDA:95,7,0,0
BRDA:95,7,1,0
BRDA:95,8,0,0
BRDA:95,8,1,0
BRDA:96,9,0,0
BRDA:96,9,1,0
BRDA:96,10,0,0
BRDA:96,10,1,0
BRDA:98,11,0,0
BRDA:98,11,1,0
BRDA:98,12,0,0
BRDA:98,12,1,0
BRDA:100,13,0,0
BRDA:100,13,1,0
BRDA:100,14,0,0
BRDA:100,14,1,0
BRDA:105,15,0,0
BRDA:105,15,1,0
BRF:30
BRH:30
end_of_record
TN:
SF:/home/travis/build/coveo/search-ui/src/ui/SearchInterface/SearchInterface.ts
FN:103,(anonymous_1029)
FN:350,SearchInterface
FN:375,(anonymous_1031)
FN:376,(anonymous_1032)
FN:377,(anonymous_1033)
FN:378,(anonymous_1034)
FN:387,(anonymous_1035)
FN:391,(anonymous_1036)
FN:405,(anonymous_1037)
FN:415,(anonymous_1038)
FN:427,(anonymous_1039)
FN:451,(anonymous_1040)
FN:471,(anonymous_1041)
FN:479,(anonymous_1042)
FN:481,(anonymous_1043)
FN:485,(anonymous_1044)
FN:519,(anonymous_1045)
FN:524,(anonymous_1046)
FN:535,(anonymous_1047)
FN:544,(anonymous_1048)
FN:546,(anonymous_1049)
FN:550,(anonymous_1050)
FN:558,(anonymous_1051)
FN:569,(anonymous_1052)
FN:578,(anonymous_1053)
FN:582,(anonymous_1054)
FN:589,(anonymous_1055)
FN:597,(anonymous_1056)
FN:608,(anonymous_1057)
FN:612,(anonymous_1058)
FN:619,(anonymous_1059)
FN:624,(anonymous_1060)
FN:627,(anonymous_1061)
FN:629,(anonymous_1062)
FN:631,(anonymous_1063)
FN:638,(anonymous_1064)
FN:676,(anonymous_1065)
FN:685,(anonymous_1066)
FN:693,(anonymous_1067)
FN:709,(anonymous_1068)
FN:223,(anonymous_1069)
FN:223,(anonymous_1070)
FN:235,(anonymous_1071)
FN:721,(anonymous_1072)
FN:728,StandaloneSearchInterface
FN:730,(anonymous_1074)
FN:733,(anonymous_1075)
FN:753,(anonymous_1076)
FN:779,(anonymous_1077)
FN:784,(anonymous_1078)
FNF:50
FNH:32
FNDA:1,(anonymous_1029)
FNDA:163,SearchInterface
FNDA:45,(anonymous_1031)
FNDA:49,(anonymous_1032)
FNDA:34,(anonymous_1033)
FNDA:2,(anonymous_1034)
FNDA:23,(anonymous_1035)
FNDA:0,(anonymous_1036)
FNDA:35,(anonymous_1037)
FNDA:1,(anonymous_1038)
FNDA:2112,(anonymous_1039)
FNDA:107,(anonymous_1040)
FNDA:163,(anonymous_1041)
FNDA:163,(anonymous_1042)
FNDA:162,(anonymous_1043)
FNDA:45,(anonymous_1044)
FNDA:23,(anonymous_1045)
FNDA:0,(anonymous_1046)
FNDA:23,(anonymous_1047)
FNDA:0,(anonymous_1048)
FNDA:0,(anonymous_1049)
FNDA:0,(anonymous_1050)
FNDA:0,(anonymous_1051)
FNDA:23,(anonymous_1052)
FNDA:0,(anonymous_1053)
FNDA:0,(anonymous_1054)
FNDA:0,(anonymous_1055)
FNDA:0,(anonymous_1056)
FNDA:23,(anonymous_1057)
FNDA:0,(anonymous_1058)
FNDA:0,(anonymous_1059)
FNDA:0,(anonymous_1060)
FNDA:0,(anonymous_1061)
FNDA:0,(anonymous_1062)
FNDA:0,(anonymous_1063)
FNDA:49,(anonymous_1064)
FNDA:34,(anonymous_1065)
FNDA:2,(anonymous_1066)
FNDA:36,(anonymous_1067)
FNDA:0,(anonymous_1068)
FNDA:0,(anonymous_1069)
FNDA:147,(anonymous_1070)
FNDA:156,(anonymous_1071)
FNDA:1,(anonymous_1072)
FNDA:10,StandaloneSearchInterface
FNDA:8,(anonymous_1074)
FNDA:8,(anonymous_1075)
FNDA:8,(anonymous_1076)
FNDA:8,(anonymous_1077)
FNDA:8,(anonymous_1078)
DA:1,1
DA:2,1
DA:3,1
DA:4,1
DA:6,1
DA:7,1
DA:8,1
DA:9,1
DA:10,1
DA:11,1
DA:12,1
DA:13,1
DA:14,1
DA:15,1
DA:16,1
DA:18,1
DA:19,1
DA:20,1
DA:21,1
DA:22,1
DA:23,1
DA:24,1
DA:25,1
DA:26,1
DA:28,1
DA:29,1
DA:30,1
DA:32,1
DA:33,1
DA:34,1
DA:35,1
DA:103,1
DA:104,1
DA:110,1
DA:223,147
DA:235,156
DA:322,1
DA:350,257
DA:353,163
DA:354,0
DA:358,163
DA:359,163
DA:362,163
DA:363,163
DA:364,163
DA:366,163
DA:367,163
DA:368,163
DA:369,163
DA:370,163
DA:371,163
DA:372,163
DA:374,163
DA:375,163
DA:376,163
DA:377,163
DA:378,163
DA:380,163
DA:381,2
DA:382,1
DA:384,1
DA:387,161
DA:390,163
DA:391,163
DA:393,163
DA:394,163
DA:395,163
DA:405,1
DA:406,35
DA:415,1
DA:416,1
DA:417,1
DA:418,1
DA:419,1
DA:427,1
DA:428,2112
DA:451,1
DA:452,107
DA:453,25
DA:455,107
DA:456,104
DA:458,107
DA:471,1
DA:472,163
DA:473,163
DA:474,163
DA:476,0
DA:479,163
DA:480,163
DA:481,162
DA:485,1
DA:486,45
DA:487,45
DA:489,45
DA:490,45
DA:493,45
DA:494,23
DA:495,23
DA:496,0
DA:497,0
DA:498,0
DA:502,45
DA:503,23
DA:504,23
DA:505,0
DA:506,0
DA:510,45
DA:511,23
DA:514,45
DA:515,23
DA:519,1
DA:520,23
DA:521,23
DA:522,0
DA:524,0
DA:525,0
DA:528,0
DA:529,0
DA:532,23
DA:535,1
DA:536,23
DA:537,23
DA:538,23
DA:539,23
DA:540,23
DA:542,0
DA:543,0
DA:544,0
DA:546,0
DA:547,0
DA:550,0
DA:551,0
DA:552,0
DA:554,0
DA:558,23
DA:559,0
DA:562,23
DA:563,0
DA:566,23
DA:569,1
DA:570,23
DA:571,23
DA:572,23
DA:574,23
DA:575,23
DA:576,23
DA:577,0
DA:578,0
DA:579,0
DA:582,0
DA:583,0
DA:584,0
DA:586,0
DA:589,0
DA:590,0
DA:591,0
DA:593,0
DA:597,23
DA:598,0
DA:601,23
DA:602,0
DA:605,23
DA:608,1
DA:609,23
DA:610,23
DA:611,23
DA:612,23
DA:613,0
DA:616,23
DA:619,1
DA:620,0
DA:621,0
DA:622,0
DA:623,0
DA:624,0
DA:625,0
DA:626,0
DA:627,0
DA:629,0
DA:631,0
DA:632,0
DA:638,1
DA:639,49
DA:640,1
DA:643,49
DA:644,1
DA:647,49
DA:648,1
DA:651,49
DA:652,49
DA:655,49
DA:656,49
DA:659,49
DA:660,1
DA:663,49
DA:664,1
DA:667,49
DA:668,49
DA:671,49
DA:673,49
DA:676,1
DA:677,34
DA:678,34
DA:679,34
DA:680,34
DA:681,0
DA:685,1
DA:686,2
DA:687,2
DA:688,2
DA:689,0
DA:693,38
DA:694,36
DA:695,36
DA:696,36
DA:697,36
DA:699,36
DA:700,4
DA:702,36
DA:703,4
DA:705,36
DA:706,0
DA:708,36
DA:709,0
DA:710,0
DA:714,1
DA:721,1
DA:722,1
DA:724,1
DA:728,22
DA:730,10
DA:733,1
DA:735,8
DA:740,8
DA:742,8
DA:743,0
DA:746,8
DA:748,8
DA:749,8
DA:753,8
DA:754,8
DA:755,8
DA:757,8
DA:760,3
DA:761,1
DA:763,3
DA:765,8
DA:766,8
DA:767,3
DA:770,8
DA:771,8
DA:772,8
DA:774,8
DA:775,8
DA:779,8
DA:780,8
DA:784,1
DA:785,8
DA:787,1
LF:259
LH:205
BRDA:350,1,0,94
BRDA:350,1,1,69
BRDA:351,2,0,163
BRDA:351,2,1,0
BRDA:353,3,0,0
BRDA:353,3,1,163
BRDA:358,4,0,163
BRDA:358,4,1,0
BRDA:380,5,0,2
BRDA:380,5,1,161
BRDA:381,6,0,1
BRDA:381,6,1,1
BRDA:393,7,0,163
BRDA:393,7,1,163
BRDA:418,8,0,1
BRDA:418,8,1,0
BRDA:452,9,0,25
BRDA:452,9,1,82
BRDA:455,10,0,104
BRDA:455,10,1,3
BRDA:473,11,0,163
BRDA:473,11,1,0
BRDA:480,12,0,162
BRDA:480,12,1,1
BRDA:493,13,0,23
BRDA:493,13,1,22
BRDA:495,14,0,0
BRDA:495,14,1,23
BRDA:496,15,0,0
BRDA:496,15,1,0
BRDA:497,16,0,0
BRDA:497,16,1,0
BRDA:502,17,0,23
BRDA:502,17,1,22
BRDA:504,18,0,0
BRDA:504,18,1,23
BRDA:505,19,0,0
BRDA:505,19,1,0
BRDA:510,20,0,23
BRDA:510,20,1,22
BRDA:514,21,0,23
BRDA:514,21,1,22
BRDA:521,22,0,0
BRDA:521,22,1,23
BRDA:524,23,0,0
BRDA:524,23,1,0
BRDA:524,24,0,0
BRDA:524,24,1,0
BRDA:524,25,0,0
BRDA:524,25,1,0
BRDA:528,26,0,0
BRDA:528,26,1,0
BRDA:538,27,0,23
BRDA:538,27,1,0
BRDA:540,28,0,0
BRDA:540,28,1,23
BRDA:542,29,0,0
BRDA:542,29,1,0
BRDA:546,30,0,0
BRDA:546,30,1,0
BRDA:546,31,0,0
BRDA:546,31,1,0
BRDA:546,32,0,0
BRDA:546,32,1,0
BRDA:551,33,0,0
BRDA:551,33,1,0
BRDA:558,34,0,0
BRDA:558,34,1,23
BRDA:558,35,0,23
BRDA:558,35,1,0
BRDA:562,36,0,0
BRDA:562,36,1,23
BRDA:571,37,0,23
BRDA:571,37,1,0
BRDA:575,38,0,23
BRDA:575,38,1,0
BRDA:576,39,0,0
BRDA:576,39,1,23
BRDA:582,40,0,0
BRDA:582,40,1,0
BRDA:582,41,0,0
BRDA:582,41,1,0
BRDA:582,42,0,0
BRDA:582,42,1,0
BRDA:584,43,0,0
BRDA:584,43,1,0
BRDA:590,44,0,0
BRDA:590,44,1,0
BRDA:597,45,0,0
BRDA:597,45,1,23
BRDA:597,46,0,23
BRDA:597,46,1,0
BRDA:601,47,0,0
BRDA:601,47,1,23
BRDA:610,48,0,23
BRDA:610,48,1,0
BRDA:612,49,0,0
BRDA:612,49,1,23
BRDA:621,50,0,0
BRDA:621,50,1,0
BRDA:623,51,0,0
BRDA:623,51,1,0
BRDA:625,52,0,0
BRDA:625,52,1,0
BRDA:639,53,0,1
BRDA:639,53,1,48
BRDA:643,54,0,1
BRDA:643,54,1,48
BRDA:647,55,0,1
BRDA:647,55,1,48
BRDA:651,56,0,49
BRDA:651,56,1,0
BRDA:655,57,0,49
BRDA:655,57,1,0
BRDA:659,58,0,1
BRDA:659,58,1,48
BRDA:663,59,0,1
BRDA:663,59,1,48
BRDA:667,60,0,49
BRDA:667,60,1,0
BRDA:680,61,0,0
BRDA:680,61,1,34
BRDA:688,62,0,0
BRDA:688,62,1,2
BRDA:693,63,0,2
BRDA:693,63,1,34
BRDA:699,64,0,4
BRDA:699,64,1,32
BRDA:700,65,0,4
BRDA:700,65,1,2
BRDA:702,66,0,4
BRDA:702,66,1,32
BRDA:703,67,0,4
BRDA:703,67,1,2
BRDA:705,68,0,0
BRDA:705,68,1,36
BRDA:706,69,0,0
BRDA:706,69,1,0
BRDA:708,70,0,0
BRDA:708,70,1,36
BRDA:708,71,0,36
BRDA:708,71,1,36
BRDA:710,72,0,0
BRDA:710,72,1,0
BRDA:223,73,0,0
BRDA:223,73,1,0
BRDA:223,74,0,0
BRDA:223,74,1,0
BRDA:728,75,0,2
BRDA:728,75,1,8
BRDA:729,76,0,10
BRDA:729,76,1,0
BRDA:742,77,0,0
BRDA:742,77,1,8
BRDA:748,78,0,8
BRDA:748,78,1,0
BRDA:748,79,0,8
BRDA:748,79,1,8
BRDA:757,80,0,3
BRDA:757,80,1,5
BRDA:760,81,0,1
BRDA:760,81,1,2
BRDA:766,82,0,3
BRDA:766,82,1,5
BRDA:774,83,0,8
BRDA:774,83,1,0
BRDA:775,84,0,2
BRDA:775,84,1,6
BRF:168
BRH:88
end_of_record
TN:
SF:/home/travis/build/coveo/search-ui/src/ui/Templates/Template.ts
FN:37,(anonymous_1080)
FN:43,DefaultInstantiateTemplateOptions
FN:50,(anonymous_1082)
FN:59,(anonymous_1083)
FN:68,(anonymous_1084)
FN:81,Template
FN:84,(anonymous_1086)
FN:155,(anonymous_1087)
FN:161,(anonymous_1088)
FN:167,(anonymous_1089)
FN:168,(anonymous_1090)
FN:180,(anonymous_1091)
FN:188,(anonymous_1092)
FN:189,(anonymous_1093)
FN:194,(anonymous_1094)
FN:210,(anonymous_1095)
FN:214,(anonymous_1096)
FN:218,(anonymous_1097)
FN:222,(anonymous_1098)
FNF:19
FNH:17
FNDA:1,(anonymous_1080)
FNDA:1230,DefaultInstantiateTemplateOptions
FNDA:1218,(anonymous_1082)
FNDA:1217,(anonymous_1083)
FNDA:1,(anonymous_1084)
FNDA:302,Template
FNDA:65,(anonymous_1086)
FNDA:0,(anonymous_1087)
FNDA:175,(anonymous_1088)
FNDA:683,(anonymous_1089)
FNDA:47133,(anonymous_1090)
FNDA:646,(anonymous_1091)
FNDA:1304,(anonymous_1092)
FNDA:1304,(anonymous_1093)
FNDA:646,(anonymous_1094)
FNDA:0,(anonymous_1095)
FNDA:6,(anonymous_1096)
FNDA:1,(anonymous_1097)
FNDA:6,(anonymous_1098)
DA:1,1
DA:3,1
DA:4,1
DA:5,1
DA:7,1
DA:8,1
DA:9,1
DA:10,1
DA:37,1
DA:43,1
DA:44,1230
DA:45,1230
DA:46,1230
DA:47,1230
DA:50,1
DA:51,1218
DA:59,1
DA:60,1217
DA:61,1215
DA:63,2
DA:66,1
DA:68,1
DA:70,302
DA:77,302
DA:81,302
DA:84,76
DA:85,65
DA:86,65
DA:87,12
DA:93,53
DA:94,3
DA:99,53
DA:100,1
DA:101,1
DA:102,52
DA:103,1
DA:104,1
DA:107,51
DA:108,1
DA:109,1
DA:110,50
DA:111,1
DA:112,1
DA:115,49
DA:116,1
DA:117,1
DA:118,48
DA:119,1
DA:120,1
DA:123,47
DA:124,1
DA:125,1
DA:128,46
DA:130,46
DA:131,1
DA:132,1
DA:135,45
DA:136,1
DA:137,1
DA:140,44
DA:141,1
DA:142,1
DA:145,43
DA:146,35
DA:147,35
DA:151,8
DA:152,8
DA:155,1
DA:156,0
DA:157,0
DA:161,1
DA:162,175
DA:163,88
DA:167,1
DA:168,683
DA:169,47133
DA:170,47133
DA:171,1318
DA:173,45815
DA:177,683
DA:180,665
DA:181,646
DA:183,646
DA:184,646
DA:185,0
DA:188,646
DA:189,1304
DA:190,1304
DA:194,646
DA:195,646
DA:196,646
DA:197,646
DA:198,646
DA:199,63
DA:201,646
DA:202,574
DA:204,646
DA:205,646
DA:206,646
DA:210,1
DA:211,0
DA:214,1
DA:215,6
DA:218,1
DA:219,1
DA:222,1
DA:225,6
DA:226,6
DA:228,0
DA:231,1
LF:110
LH:105
BRDA:60,1,0,1215
BRDA:60,1,1,2
BRDA:84,2,0,11
BRDA:84,2,1,54
BRDA:85,3,0,65
BRDA:85,3,1,0
BRDA:86,4,0,12
BRDA:86,4,1,53
BRDA:93,5,0,3
BRDA:93,5,1,50
BRDA:99,6,0,1
BRDA:99,6,1,52
BRDA:99,7,0,53
BRDA:99,7,1,2
BRDA:102,8,0,1
BRDA:102,8,1,51
BRDA:102,9,0,52
BRDA:102,9,1,2
BRDA:107,10,0,1
BRDA:107,10,1,50
BRDA:107,11,0,51
BRDA:107,11,1,2
BRDA:110,12,0,1
BRDA:110,12,1,49
BRDA:110,13,0,50
BRDA:110,13,1,2
BRDA:115,14,0,1
BRDA:115,14,1,48
BRDA:115,15,0,49
BRDA:115,15,1,2
BRDA:118,16,0,1
BRDA:118,16,1,47
BRDA:118,17,0,48
BRDA:118,17,1,2
BRDA:123,18,0,1
BRDA:123,18,1,46
BRDA:123,19,0,47
BRDA:123,19,1,15
BRDA:123,19,2,1
BRDA:130,20,0,1
BRDA:130,20,1,45
BRDA:130,21,0,46
BRDA:130,21,1,5
BRDA:135,22,0,1
BRDA:135,22,1,44
BRDA:135,23,0,45
BRDA:135,23,1,3
BRDA:140,24,0,1
BRDA:140,24,1,43
BRDA:140,25,0,44
BRDA:140,25,1,3
BRDA:145,26,0,35
BRDA:145,26,1,8
BRDA:145,27,0,43
BRDA:145,27,1,39
BRDA:145,27,2,37
BRDA:156,28,0,0
BRDA:156,28,1,0
BRDA:162,29,0,88
BRDA:162,29,1,87
BRDA:170,30,0,1318
BRDA:170,30,1,45815
BRDA:180,31,0,19
BRDA:180,31,1,627
BRDA:184,32,0,0
BRDA:184,32,1,646
BRDA:195,33,0,646
BRDA:195,33,1,615
BRDA:196,34,0,5
BRDA:196,34,1,641
BRDA:198,35,0,63
BRDA:198,35,1,583
BRDA:198,36,0,646
BRDA:198,36,1,71
BRDA:201,37,0,574
BRDA:201,37,1,72
BRF:76
BRH:72
end_of_record
TN:
SF:/home/travis/build/coveo/search-ui/src/misc/Defer.ts
FN:3,(anonymous_1100)
FN:6,(anonymous_1102)
FN:11,(anonymous_1103)
FN:16,(anonymous_1104)
FN:17,(anonymous_1105)
FN:24,(anonymous_1106)
FNF:6
FNH:6
FNDA:1,(anonymous_1100)
FNDA:199,(anonymous_1102)
FNDA:348,(anonymous_1103)
FNDA:245,(anonymous_1104)
FNDA:243,(anonymous_1105)
FNDA:630,(anonymous_1106)
DA:1,1
DA:3,2
DA:4,1
DA:6,1
DA:7,199
DA:8,199
DA:11,1
DA:12,348
DA:16,1
DA:17,245
DA:18,243
DA:19,46
DA:24,1
DA:25,630
DA:26,199
DA:27,199
DA:28,199
DA:29,199
DA:31,431
DA:34,1
LF:20
LH:20
BRDA:18,1,0,46
BRDA:18,1,1,197
BRDA:25,2,0,199
BRDA:25,2,1,431
BRF:4
BRH:4
end_of_record
TN:
SF:/home/travis/build/coveo/search-ui/src/models/Model.ts
FN:39,(anonymous_1113)
FN:65,Model
FN:84,(anonymous_1115)
FN:95,(anonymous_1116)
FN:97,(anonymous_1117)
FN:123,(anonymous_1118)
FN:126,(anonymous_1119)
FN:160,(anonymous_1120)
FN:173,(anonymous_1121)
FN:184,(anonymous_1122)
FN:199,(anonymous_1123)
FN:212,(anonymous_1124)
FN:224,(anonymous_1125)
FN:237,(anonymous_1126)
FN:241,(anonymous_1127)
FN:245,(anonymous_1128)
FN:249,(anonymous_1129)
FN:253,(anonymous_1130)
FN:257,(anonymous_1131)
FN:261,(anonymous_1132)
FN:265,(anonymous_1133)
FN:269,(anonymous_1134)
FN:273,(anonymous_1135)
FN:277,(anonymous_1136)
FN:290,(anonymous_1137)
FN:298,(anonymous_1138)
FN:306,(anonymous_1139)
FN:316,(anonymous_1140)
FN:329,(anonymous_1141)
FN:343,(anonymous_1142)
FNF:30
FNH:25
FNDA:1,(anonymous_1113)
FNDA:555,Model
FNDA:76,(anonymous_1115)
FNDA:6,(anonymous_1116)
FNDA:42,(anonymous_1117)
FNDA:161,(anonymous_1118)
FNDA:356,(anonymous_1119)
FNDA:0,(anonymous_1120)
FNDA:0,(anonymous_1121)
FNDA:292,(anonymous_1122)
FNDA:0,(anonymous_1123)
FNDA:3,(anonymous_1124)
FNDA:9,(anonymous_1125)
FNDA:2515,(anonymous_1126)
FNDA:67,(anonymous_1127)
FNDA:69,(anonymous_1128)
FNDA:161,(anonymous_1129)
FNDA:3,(anonymous_1130)
FNDA:67,(anonymous_1131)
FNDA:69,(anonymous_1132)
FNDA:67,(anonymous_1133)
FNDA:70,(anonymous_1134)
FNDA:356,(anonymous_1135)
FNDA:356,(anonymous_1136)
FNDA:33,(anonymous_1137)
FNDA:0,(anonymous_1138)
FNDA:322,(anonymous_1139)
FNDA:356,(anonymous_1140)
FNDA:344,(anonymous_1141)
FNDA:0,(anonymous_1142)
DA:1,1
DA:2,1
DA:3,1
DA:4,1
DA:5,1
DA:7,1
DA:39,1
DA:57,1
DA:65,556
DA:67,555
DA:69,555
DA:70,555
DA:71,555
DA:84,1
DA:85,76
DA:86,76
DA:87,76
DA:95,6
DA:96,6
DA:97,6
DA:98,42
DA:99,1
DA:100,1
DA:102,41
DA:103,2
DA:106,6
DA:123,161
DA:124,161
DA:125,161
DA:126,161
DA:127,356
DA:128,356
DA:130,356
DA:131,356
DA:132,356
DA:133,12
DA:136,344
DA:137,69
DA:138,69
DA:139,69
DA:140,69
DA:144,161
DA:145,67
DA:146,67
DA:160,1
DA:161,0
DA:162,0
DA:164,0
DA:173,1
DA:174,0
DA:184,1
DA:185,292
DA:186,0
DA:188,292
DA:199,1
DA:200,0
DA:201,0
DA:203,0
DA:212,1
DA:213,3
DA:214,3
DA:224,1
DA:225,9
DA:226,9
DA:237,1
DA:238,2515
DA:241,1
DA:242,67
DA:245,1
DA:246,69
DA:249,1
DA:250,161
DA:253,1
DA:254,3
DA:257,1
DA:258,67
DA:261,1
DA:262,69
DA:265,1
DA:266,67
DA:269,1
DA:270,70
DA:273,1
DA:274,356
DA:277,1
DA:278,356
DA:279,355
DA:280,33
DA:281,322
DA:282,0
DA:284,322
DA:287,1
DA:290,1
DA:291,33
DA:292,6
DA:293,6
DA:295,27
DA:298,1
DA:299,0
DA:300,0
DA:301,0
DA:303,0
DA:306,1
DA:307,322
DA:308,322
DA:309,6
DA:310,6
DA:313,316
DA:316,1
DA:317,356
DA:318,33
DA:319,323
DA:320,0
DA:321,0
DA:323,0
DA:326,323
DA:329,1
DA:330,344
DA:331,344
DA:332,343
DA:334,1
DA:335,0
DA:337,1
DA:338,0
DA:340,1
DA:343,1
DA:344,0
DA:346,1
LF:128
LH:109
BRDA:66,1,0,555
BRDA:66,1,1,555
BRDA:98,2,0,1
BRDA:98,2,1,41
BRDA:99,3,0,1
BRDA:99,3,1,0
BRDA:102,4,0,2
BRDA:102,4,1,39
BRDA:127,5,0,356
BRDA:127,5,1,0
BRDA:127,6,0,356
BRDA:127,6,1,0
BRDA:131,7,0,356
BRDA:131,7,1,0
BRDA:131,8,0,356
BRDA:131,8,1,0
BRDA:132,9,0,12
BRDA:132,9,1,344
BRDA:136,10,0,69
BRDA:136,10,1,275
BRDA:139,11,0,69
BRDA:139,11,1,0
BRDA:139,12,0,69
BRDA:139,12,1,0
BRDA:144,13,0,67
BRDA:144,13,1,94
BRDA:144,14,0,161
BRDA:144,14,1,67
BRDA:144,14,2,0
BRDA:161,15,0,0
BRDA:161,15,1,0
BRDA:161,16,0,0
BRDA:161,16,1,0
BRDA:185,17,0,0
BRDA:185,17,1,292
BRDA:200,18,0,0
BRDA:200,18,1,0
BRDA:278,19,0,355
BRDA:278,19,1,1
BRDA:278,20,0,356
BRDA:278,20,1,355
BRDA:279,21,0,33
BRDA:279,21,1,322
BRDA:281,22,0,0
BRDA:281,22,1,322
BRDA:291,23,0,6
BRDA:291,23,1,27
BRDA:291,24,0,33
BRDA:291,24,1,33
BRDA:299,25,0,0
BRDA:299,25,1,0
BRDA:299,26,0,0
BRDA:299,26,1,0
BRDA:307,27,0,322
BRDA:307,27,1,0
BRDA:308,28,0,6
BRDA:308,28,1,316
BRDA:317,29,0,33
BRDA:317,29,1,323
BRDA:319,30,0,0
BRDA:319,30,1,323
BRDA:320,31,0,0
BRDA:320,31,1,0
BRDA:331,32,0,343
BRDA:331,32,1,1
BRDA:331,33,0,344
BRDA:331,33,1,317
BRDA:331,33,2,1
BRDA:334,34,0,0
BRDA:334,34,1,1
BRDA:337,35,0,0
BRDA:337,35,1,1
BRF:72
BRH:46
end_of_record
TN:
SF:/home/travis/build/coveo/search-ui/src/utils/KeyboardUtils.ts
FN:4,(anonymous_1144)
FN:24,(anonymous_1145)
FN:25,(anonymous_1147)
FN:34,(anonymous_1148)
FN:49,(anonymous_1149)
FN:53,(anonymous_1150)
FN:57,(anonymous_1151)
FN:64,(anonymous_1152)
FN:68,(anonymous_1153)
FN:73,(anonymous_1154)
FN:74,(anonymous_1155)
FNF:11
FNH:11
FNDA:1,(anonymous_1144)
FNDA:1,(anonymous_1145)
FNDA:5,(anonymous_1147)
FNDA:9,(anonymous_1148)
FNDA:5,(anonymous_1149)
FNDA:3,(anonymous_1150)
FNDA:11,(anonymous_1151)
FNDA:11,(anonymous_1152)
FNDA:11,(anonymous_1153)
FNDA:1490,(anonymous_1154)
FNDA:2,(anonymous_1155)
DA:1,1
DA:2,1
DA:4,2
DA:5,1
DA:6,1
DA:7,1
DA:8,1
DA:9,1
DA:10,1
DA:11,1
DA:12,1
DA:13,1
DA:14,1
DA:15,1
DA:16,1
DA:17,1
DA:18,1
DA:19,1
DA:20,1
DA:21,1
DA:24,2
DA:25,1
DA:26,5
DA:27,5
DA:28,0
DA:29,0
DA:31,0
DA:34,1
DA:35,9
DA:36,9
DA:46,9
DA:49,1
DA:50,5
DA:53,1
DA:54,3
DA:57,1
DA:58,11
DA:64,1
DA:65,11
DA:68,1
DA:69,11
DA:73,1
DA:74,1490
DA:75,2
DA:76,2
DA:77,2
DA:78,2
DA:79,0
DA:80,2
DA:81,1
DA:87,1
LF:51
LH:47
BRDA:4,1,0,1
BRDA:4,1,1,1
BRDA:26,2,0,5
BRDA:26,2,1,0
BRDA:28,3,0,0
BRDA:28,3,1,0
BRDA:37,4,0,9
BRDA:37,4,1,9
BRDA:37,4,2,9
BRDA:37,4,3,9
BRDA:37,4,4,9
BRDA:37,4,5,2
BRDA:37,4,6,7
BRDA:37,4,7,0
BRDA:37,4,8,7
BRDA:37,4,9,0
BRDA:37,4,10,7
BRDA:37,4,11,7
BRDA:37,4,12,5
BRDA:50,5,0,5
BRDA:50,5,1,3
BRDA:54,6,0,3
BRDA:54,6,1,2
BRDA:58,7,0,11
BRDA:58,7,1,11
BRDA:58,7,2,10
BRDA:58,7,3,10
BRDA:65,8,0,11
BRDA:65,8,1,3
BRDA:69,9,0,11
BRDA:69,9,1,3
BRDA:75,10,0,2
BRDA:75,10,1,0
BRDA:76,11,0,2
BRDA:76,11,1,2
BRDA:77,12,0,2
BRDA:77,12,1,0
BRDA:78,13,0,0
BRDA:78,13,1,2
BRDA:78,14,0,2
BRDA:78,14,1,0
BRDA:80,15,0,1
BRDA:80,15,1,1
BRF:43
BRH:34
end_of_record
TN:
SF:/home/travis/build/coveo/search-ui/src/utils/QueryUtils.ts
FN:10,(anonymous_1157)
FN:11,(anonymous_1159)
FN:31,(anonymous_1160)
FN:33,(anonymous_1161)
FN:39,(anonymous_1162)
FN:42,(anonymous_1163)
FN:52,(anonymous_1164)
FN:56,(anonymous_1165)
FN:60,(anonymous_1166)
FN:64,(anonymous_1167)
FN:71,(anonymous_1168)
FN:74,(anonymous_1169)
FN:79,(anonymous_1170)
FN:84,(anonymous_1171)
FN:88,(anonymous_1172)
FN:92,(anonymous_1173)
FN:96,(anonymous_1174)
FN:100,(anonymous_1175)
FN:104,(anonymous_1176)
FN:108,(anonymous_1177)
FN:112,(anonymous_1178)
FN:116,(anonymous_1179)
FN:120,(anonymous_1180)
FN:124,(anonymous_1181)
FN:128,(anonymous_1182)
FN:145,(anonymous_1183)
FN:150,(anonymous_1184)
FN:155,(anonymous_1185)
FN:160,(anonymous_1186)
FN:165,(anonymous_1187)
FN:170,(anonymous_1188)
FN:175,(anonymous_1189)
FN:184,(anonymous_1190)
FN:188,(anonymous_1191)
FN:197,(anonymous_1192)
FN:203,(anonymous_1193)
FN:213,(anonymous_1194)
FN:218,(anonymous_1195)
FN:219,(anonymous_1196)
FN:225,(anonymous_1197)
FN:227,(anonymous_1198)
FN:236,(anonymous_1199)
FN:240,(anonymous_1200)
FNF:43
FNH:36
FNDA:1,(anonymous_1157)
FNDA:15682,(anonymous_1159)
FNDA:0,(anonymous_1160)
FNDA:0,(anonymous_1161)
FNDA:15682,(anonymous_1162)
FNDA:125456,(anonymous_1163)
FNDA:0,(anonymous_1164)
FNDA:641,(anonymous_1165)
FNDA:641,(anonymous_1166)
FNDA:1,(anonymous_1167)
FNDA:10,(anonymous_1168)
FNDA:1,(anonymous_1169)
FNDA:20,(anonymous_1170)
FNDA:0,(anonymous_1171)
FNDA:0,(anonymous_1172)
FNDA:1,(anonymous_1173)
FNDA:19,(anonymous_1174)
FNDA:26,(anonymous_1175)
FNDA:9,(anonymous_1176)
FNDA:6,(anonymous_1177)
FNDA:6,(anonymous_1178)
FNDA:6,(anonymous_1179)
FNDA:15,(anonymous_1180)
FNDA:9,(anonymous_1181)
FNDA:22,(anonymous_1182)
FNDA:134,(anonymous_1183)
FNDA:37,(anonymous_1184)
FNDA:37,(anonymous_1185)
FNDA:134,(anonymous_1186)
FNDA:55,(anonymous_1187)
FNDA:37,(anonymous_1188)
FNDA:81,(anonymous_1189)
FNDA:64,(anonymous_1190)
FNDA:8,(anonymous_1191)
FNDA:10,(anonymous_1192)
FNDA:0,(anonymous_1193)
FNDA:4,(anonymous_1194)
FNDA:6,(anonymous_1195)
FNDA:60,(anonymous_1196)
FNDA:1342,(anonymous_1197)
FNDA:0,(anonymous_1198)
FNDA:28,(anonymous_1199)
FNDA:1717,(anonymous_1200)
DA:4,1
DA:5,1
DA:6,1
DA:10,2
DA:11,1
DA:12,15682
DA:13,15682
DA:14,15682
DA:15,15682
DA:16,15682
DA:17,15682
DA:19,0
DA:23,15682
DA:24,0
DA:27,15682
DA:31,1
DA:33,0
DA:34,0
DA:35,0
DA:39,1
DA:40,15682
DA:41,15682
DA:42,15682
DA:43,125456
DA:44,125456
DA:45,8298
DA:47,125456
DA:49,15682
DA:52,1
DA:53,0
DA:56,1
DA:57,641
DA:60,1
DA:61,641
DA:64,1
DA:65,1
DA:66,1
DA:67,1
DA:68,1
DA:69,1
DA:70,1
DA:71,10
DA:74,1
DA:75,1
DA:76,1
DA:79,40
DA:80,20
DA:81,20
DA:84,1
DA:85,0
DA:88,1
DA:89,0
DA:92,1
DA:93,1
DA:96,1
DA:97,19
DA:100,1
DA:101,26
DA:104,1
DA:105,9
DA:108,1
DA:109,6
DA:112,1
DA:113,6
DA:116,1
DA:117,6
DA:120,1
DA:121,15
DA:124,1
DA:125,9
DA:128,1
DA:129,22
DA:130,22
DA:131,22
DA:132,22
DA:133,1
DA:134,1
DA:136,21
DA:137,21
DA:139,22
DA:145,1
DA:146,134
DA:147,134
DA:150,1
DA:151,37
DA:152,37
DA:155,1
DA:156,37
DA:157,37
DA:160,1
DA:161,134
DA:162,134
DA:165,1
DA:166,55
DA:167,55
DA:170,1
DA:171,37
DA:172,37
DA:175,1
DA:176,81
DA:177,81
DA:178,81
DA:179,81
DA:181,81
DA:182,56
DA:184,64
DA:188,1
DA:189,8
DA:190,8
DA:191,8
DA:193,8
DA:194,8
DA:195,4
DA:197,10
DA:200,8
DA:203,1
DA:204,0
DA:205,0
DA:206,0
DA:208,0
DA:210,0
DA:213,1
DA:214,4
DA:215,4
DA:218,1
DA:219,6
DA:220,60
DA:221,60
DA:225,1
DA:226,1342
DA:227,1342
DA:228,0
DA:230,1342
DA:231,0
DA:236,1
DA:237,28
DA:240,1
DA:241,1717
DA:242,1717
DA:243,1717
DA:244,1717
DA:245,1717
DA:247,0
DA:249,1
LF:144
LH:128
BRDA:14,1,0,15682
BRDA:14,1,1,0
BRDA:14,2,0,15682
BRDA:14,2,1,15682
BRDA:23,3,0,0
BRDA:23,3,1,15682
BRDA:34,4,0,0
BRDA:34,4,1,0
BRDA:79,5,0,20
BRDA:79,5,1,0
BRDA:101,6,0,26
BRDA:101,6,1,26
BRDA:132,7,0,1
BRDA:132,7,1,21
BRDA:147,8,0,97
BRDA:147,8,1,37
BRDA:147,9,0,134
BRDA:147,9,1,51
BRDA:147,9,2,37
BRDA:181,10,0,56
BRDA:181,10,1,25
BRDA:194,11,0,4
BRDA:194,11,1,4
BRDA:205,12,0,0
BRDA:205,12,1,0
BRDA:215,13,0,4
BRDA:215,13,1,4
BRDA:221,14,0,10
BRDA:221,14,1,50
BRDA:230,15,0,0
BRDA:230,15,1,1342
BRDA:237,16,0,28
BRDA:237,16,1,28
BRDA:237,17,0,28
BRDA:237,17,1,28
BRDA:244,18,0,1717
BRDA:244,18,1,0
BRDA:244,19,0,1717
BRDA:244,19,1,1717
BRF:39
BRH:30
end_of_record
TN:
SF:/home/travis/build/coveo/search-ui/src/utils/StringUtils.ts
FN:7,(anonymous_1202)
FN:8,(anonymous_1204)
FN:18,(anonymous_1205)
FN:25,(anonymous_1206)
FN:29,(anonymous_1207)
FN:38,(anonymous_1208)
FN:43,(anonymous_1209)
FN:48,(anonymous_1210)
FN:49,(anonymous_1211)
FN:60,(anonymous_1212)
FN:71,(anonymous_1213)
FN:86,(anonymous_1214)
FN:91,(anonymous_1215)
FN:95,(anonymous_1216)
FN:104,(anonymous_1217)
FN:116,(anonymous_1218)
FN:120,(anonymous_1219)
FNF:17
FNH:15
FNDA:1,(anonymous_1202)
FNDA:1,(anonymous_1204)
FNDA:149,(anonymous_1205)
FNDA:4,(anonymous_1206)
FNDA:4,(anonymous_1207)
FNDA:32,(anonymous_1208)
FNDA:31,(anonymous_1209)
FNDA:0,(anonymous_1210)
FNDA:0,(anonymous_1211)
FNDA:21,(anonymous_1212)
FNDA:78,(anonymous_1213)
FNDA:2,(anonymous_1214)
FNDA:759,(anonymous_1215)
FNDA:111,(anonymous_1216)
FNDA:2,(anonymous_1217)
FNDA:79,(anonymous_1218)
FNDA:3,(anonymous_1219)
DA:1,1
DA:3,1
DA:4,1
DA:5,1
DA:7,2
DA:8,1
DA:9,1
DA:11,1
DA:12,1
DA:13,1
DA:15,1
DA:18,1
DA:19,149
DA:20,149
DA:21,149
DA:22,149
DA:25,1
DA:26,4
DA:29,1
DA:30,4
DA:31,3
DA:33,1
DA:34,1
DA:35,1
DA:38,1
DA:39,32
DA:40,32
DA:43,33
DA:44,31
DA:45,31
DA:47,31
DA:48,0
DA:49,0
DA:50,0
DA:51,0
DA:53,0
DA:57,31
DA:60,22
DA:61,21
DA:63,21
DA:65,21
DA:66,21
DA:68,21
DA:71,1
DA:72,78
DA:74,78
DA:75,81
DA:76,81
DA:77,81
DA:78,81
DA:79,81
DA:80,1
DA:83,78
DA:86,1
DA:87,2
DA:88,2
DA:91,1
DA:92,759
DA:95,1
DA:96,111
DA:97,111
DA:98,111
DA:99,50
DA:101,111
DA:104,1
DA:105,2
DA:106,2
DA:107,2
DA:108,22
DA:109,22
DA:110,22
DA:112,2
DA:116,1
DA:117,79
DA:120,1
DA:121,3
DA:124,1
DA:152,1
LF:78
LH:73
BRDA:30,1,0,3
BRDA:30,1,1,1
BRDA:43,2,0,2
BRDA:43,2,1,29
BRDA:47,3,0,0
BRDA:47,3,1,31
BRDA:50,4,0,0
BRDA:50,4,1,0
BRDA:60,5,0,1
BRDA:60,5,1,20
BRDA:79,6,0,1
BRDA:79,6,1,80
BRDA:83,7,0,19
BRDA:83,7,1,59
BRF:14
BRH:11
end_of_record
TN:
SF:/home/travis/build/coveo/search-ui/src/ui/Facet/Facet.ts
FN:118,(anonymous_1228)
FN:708,Facet
FN:713,(anonymous_1230)
FN:735,(anonymous_1231)
FN:740,(anonymous_1232)
FN:748,(anonymous_1233)
FN:765,(anonymous_1234)
FN:781,(anonymous_1235)
FN:784,(anonymous_1236)
FN:800,(anonymous_1237)
FN:816,(anonymous_1238)
FN:819,(anonymous_1239)
FN:835,(anonymous_1240)
FN:851,(anonymous_1241)
FN:854,(anonymous_1242)
FN:869,(anonymous_1243)
FN:885,(anonymous_1244)
FN:888,(anonymous_1245)
FN:903,(anonymous_1246)
FN:920,(anonymous_1247)
FN:932,(anonymous_1248)
FN:941,(anonymous_1249)
FN:944,(anonymous_1250)
FN:953,(anonymous_1251)
FN:955,(anonymous_1252)
FN:962,(anonymous_1253)
FN:964,(anonymous_1254)
FN:970,(anonymous_1255)
FN:984,(anonymous_1256)
FN:996,(anonymous_1257)
FN:1006,(anonymous_1258)
FN:1019,(anonymous_1259)
FN:1027,(anonymous_1260)
FN:1031,(anonymous_1261)
FN:1038,(anonymous_1262)
FN:1049,(anonymous_1263)
FN:1057,(anonymous_1264)
FN:1059,(anonymous_1265)
FN:1075,(anonymous_1266)
FN:1081,(anonymous_1267)
FN:1094,(anonymous_1268)
FN:1120,(anonymous_1269)
FN:1136,(anonymous_1270)
FN:1148,(anonymous_1271)
FN:1158,(anonymous_1272)
FN:1165,(anonymous_1273)
FN:1174,(anonymous_1274)
FN:1187,(anonymous_1275)
FN:1198,(anonymous_1276)
FN:1219,(anonymous_1277)
FN:1223,(anonymous_1278)
FN:1228,(anonymous_1279)
FN:1233,(anonymous_1280)
FN:1236,(anonymous_1281)
FN:1241,(anonymous_1282)
FN:1247,(anonymous_1283)
FN:1248,(anonymous_1284)
FN:1249,(anonymous_1285)
FN:1250,(anonymous_1286)
FN:1251,(anonymous_1287)
FN:1254,(anonymous_1288)
FN:1265,(anonymous_1289)
FN:1268,(anonymous_1290)
FN:1273,(anonymous_1291)
FN:1275,(anonymous_1292)
FN:1279,(anonymous_1293)
FN:1281,(anonymous_1294)
FN:1282,(anonymous_1295)
FN:1286,(anonymous_1296)
FN:1287,(anonymous_1297)
FN:1290,(anonymous_1298)
FN:1292,(anonymous_1299)
FN:1296,(anonymous_1300)
FN:1306,(anonymous_1301)
FN:1316,(anonymous_1302)
FN:1330,(anonymous_1303)
FN:1339,(anonymous_1304)
FN:1352,(anonymous_1305)
FN:1361,(anonymous_1306)
FN:1373,(anonymous_1307)
FN:1381,(anonymous_1308)
FN:1401,(anonymous_1309)
FN:1405,(anonymous_1310)
FN:1409,(anonymous_1311)
FN:1415,(anonymous_1312)
FN:1423,(anonymous_1313)
FN:1432,(anonymous_1314)
FN:1436,(anonymous_1315)
FN:1454,(anonymous_1316)
FN:1462,(anonymous_1317)
FN:1471,(anonymous_1318)
FN:1474,(anonymous_1319)
FN:1481,(anonymous_1320)
FN:1489,(anonymous_1321)
FN:1499,(anonymous_1322)
FN:1509,(anonymous_1323)
FN:1510,(anonymous_1324)
FN:1515,(anonymous_1325)
FN:1541,(anonymous_1326)
FN:1558,(anonymous_1327)
FN:1561,(anonymous_1328)
FN:1565,(anonymous_1329)
FN:1566,(anonymous_1330)
FN:1568,(anonymous_1331)
FN:1576,(anonymous_1332)
FN:1583,(anonymous_1333)
FN:1590,(anonymous_1334)
FN:1602,(anonymous_1335)
FN:1609,(anonymous_1336)
FN:1613,(anonymous_1337)
FN:1626,(anonymous_1338)
FN:1633,(anonymous_1339)
FN:1637,(anonymous_1340)
FN:1656,(anonymous_1341)
FN:1679,(anonymous_1342)
FN:1690,(anonymous_1343)
FN:1694,(anonymous_1344)
FN:1698,(anonymous_1345)
FN:1711,(anonymous_1346)
FN:1734,(anonymous_1347)
FN:1738,(anonymous_1348)
FN:1744,(anonymous_1349)
FN:1750,(anonymous_1350)
FN:1756,(anonymous_1351)
FN:1762,(anonymous_1352)
FN:1767,(anonymous_1353)
FN:1780,(anonymous_1354)
FN:1791,(anonymous_1355)
FN:1794,(anonymous_1356)
FN:1796,(anonymous_1357)
FN:1798,(anonymous_1358)
FN:1799,(anonymous_1359)
FN:1811,(anonymous_1360)
FN:1825,(anonymous_1361)
FN:1833,(anonymous_1362)
FN:1843,(anonymous_1363)
FN:1849,(anonymous_1364)
FN:1855,(anonymous_1365)
FN:1859,(anonymous_1366)
FN:1863,(anonymous_1367)
FN:122,(anonymous_1368)
FN:174,(anonymous_1369)
FN:248,(anonymous_1370)
FN:376,(anonymous_1371)
FN:380,(anonymous_1372)
FN:468,(anonymous_1373)
FN:485,(anonymous_1374)
FNF:147
FNH:103
FNDA:1,(anonymous_1228)
FNDA:173,Facet
FNDA:8,(anonymous_1230)
FNDA:42,(anonymous_1231)
FNDA:79,(anonymous_1232)
FNDA:0,(anonymous_1233)
FNDA:20,(anonymous_1234)
FNDA:17,(anonymous_1235)
FNDA:19,(anonymous_1236)
FNDA:21,(anonymous_1237)
FNDA:8,(anonymous_1238)
FNDA:6,(anonymous_1239)
FNDA:3,(anonymous_1240)
FNDA:4,(anonymous_1241)
FNDA:10,(anonymous_1242)
FNDA:1,(anonymous_1243)
FNDA:1,(anonymous_1244)
FNDA:3,(anonymous_1245)
FNDA:2,(anonymous_1246)
FNDA:3,(anonymous_1247)
FNDA:11,(anonymous_1248)
FNDA:30,(anonymous_1249)
FNDA:41,(anonymous_1250)
FNDA:86,(anonymous_1251)
FNDA:106,(anonymous_1252)
FNDA:86,(anonymous_1253)
FNDA:20,(anonymous_1254)
FNDA:2,(anonymous_1255)
FNDA:1,(anonymous_1256)
FNDA:1,(anonymous_1257)
FNDA:9,(anonymous_1258)
FNDA:1,(anonymous_1259)
FNDA:55,(anonymous_1260)
FNDA:56,(anonymous_1261)
FNDA:7,(anonymous_1262)
FNDA:55,(anonymous_1263)
FNDA:0,(anonymous_1264)
FNDA:0,(anonymous_1265)
FNDA:0,(anonymous_1266)
FNDA:0,(anonymous_1267)
FNDA:563,(anonymous_1268)
FNDA:1,(anonymous_1269)
FNDA:0,(anonymous_1270)
FNDA:3,(anonymous_1271)
FNDA:1,(anonymous_1272)
FNDA:4,(anonymous_1273)
FNDA:54,(anonymous_1274)
FNDA:1,(anonymous_1275)
FNDA:0,(anonymous_1276)
FNDA:145,(anonymous_1277)
FNDA:63,(anonymous_1278)
FNDA:59,(anonymous_1279)
FNDA:31,(anonymous_1280)
FNDA:31,(anonymous_1281)
FNDA:242,(anonymous_1282)
FNDA:173,(anonymous_1283)
FNDA:54,(anonymous_1284)
FNDA:54,(anonymous_1285)
FNDA:54,(anonymous_1286)
FNDA:54,(anonymous_1287)
FNDA:173,(anonymous_1288)
FNDA:0,(anonymous_1289)
FNDA:173,(anonymous_1290)
FNDA:173,(anonymous_1291)
FNDA:1,(anonymous_1292)
FNDA:173,(anonymous_1293)
FNDA:3,(anonymous_1294)
FNDA:0,(anonymous_1295)
FNDA:173,(anonymous_1296)
FNDA:0,(anonymous_1297)
FNDA:1,(anonymous_1298)
FNDA:0,(anonymous_1299)
FNDA:0,(anonymous_1300)
FNDA:54,(anonymous_1301)
FNDA:10,(anonymous_1302)
FNDA:82,(anonymous_1303)
FNDA:86,(anonymous_1304)
FNDA:83,(anonymous_1305)
FNDA:0,(anonymous_1306)
FNDA:0,(anonymous_1307)
FNDA:83,(anonymous_1308)
FNDA:0,(anonymous_1309)
FNDA:0,(anonymous_1310)
FNDA:173,(anonymous_1311)
FNDA:173,(anonymous_1312)
FNDA:173,(anonymous_1313)
FNDA:79,(anonymous_1314)
FNDA:0,(anonymous_1315)
FNDA:82,(anonymous_1316)
FNDA:82,(anonymous_1317)
FNDA:82,(anonymous_1318)
FNDA:0,(anonymous_1319)
FNDA:0,(anonymous_1320)
FNDA:0,(anonymous_1321)
FNDA:0,(anonymous_1322)
FNDA:0,(anonymous_1323)
FNDA:0,(anonymous_1324)
FNDA:0,(anonymous_1325)
FNDA:1,(anonymous_1326)
FNDA:0,(anonymous_1327)
FNDA:0,(anonymous_1328)
FNDA:0,(anonymous_1329)
FNDA:0,(anonymous_1330)
FNDA:0,(anonymous_1331)
FNDA:0,(anonymous_1332)
FNDA:54,(anonymous_1333)
FNDA:54,(anonymous_1334)
FNDA:54,(anonymous_1335)
FNDA:0,(anonymous_1336)
FNDA:54,(anonymous_1337)
FNDA:0,(anonymous_1338)
FNDA:242,(anonymous_1339)
FNDA:79,(anonymous_1340)
FNDA:79,(anonymous_1341)
FNDA:0,(anonymous_1342)
FNDA:53,(anonymous_1343)
FNDA:0,(anonymous_1344)
FNDA:53,(anonymous_1345)
FNDA:0,(anonymous_1346)
FNDA:79,(anonymous_1347)
FNDA:76,(anonymous_1348)
FNDA:0,(anonymous_1349)
FNDA:76,(anonymous_1350)
FNDA:0,(anonymous_1351)
FNDA:1,(anonymous_1352)
FNDA:0,(anonymous_1353)
FNDA:0,(anonymous_1354)
FNDA:0,(anonymous_1355)
FNDA:1,(anonymous_1356)
FNDA:0,(anonymous_1357)
FNDA:0,(anonymous_1358)
FNDA:0,(anonymous_1359)
FNDA:241,(anonymous_1360)
FNDA:295,(anonymous_1361)
FNDA:65,(anonymous_1362)
FNDA:54,(anonymous_1363)
FNDA:1,(anonymous_1364)
FNDA:165,(anonymous_1365)
FNDA:165,(anonymous_1366)
FNDA:0,(anonymous_1367)
FNDA:2,(anonymous_1368)
FNDA:173,(anonymous_1369)
FNDA:173,(anonymous_1370)
FNDA:173,(anonymous_1371)
FNDA:173,(anonymous_1372)
FNDA:173,(anonymous_1373)
FNDA:173,(anonymous_1374)
DA:1,1
DA:3,1
DA:4,1
DA:5,1
DA:6,1
DA:7,1
DA:8,1
DA:9,1
DA:10,1
DA:11,1
DA:12,1
DA:13,1
DA:15,1
DA:16,1
DA:18,1
DA:19,1
DA:20,1
DA:23,1
DA:24,1
DA:25,1
DA:26,1
DA:27,1
DA:28,1
DA:29,1
DA:30,1
DA:31,1
DA:32,1
DA:35,1
DA:36,1
DA:38,1
DA:39,1
DA:40,1
DA:41,1
DA:43,1
DA:45,1
DA:46,1
DA:47,1
DA:48,1
DA:49,1
DA:50,1
DA:51,1
DA:118,1
DA:119,1
DA:120,1
DA:122,1
DA:123,2
DA:139,1
DA:174,173
DA:248,173
DA:376,173
DA:380,173
DA:469,173
DA:470,173
DA:471,1
DA:473,172
DA:485,173
DA:656,173
DA:657,173
DA:658,173
DA:660,173
DA:682,173
DA:685,173
DA:695,173
DA:708,318
DA:710,173
DA:712,173
DA:713,8
DA:714,2
DA:717,173
DA:720,173
DA:721,173
DA:723,173
DA:724,173
DA:725,173
DA:726,173
DA:727,173
DA:728,173
DA:729,173
DA:730,173
DA:731,173
DA:732,173
DA:733,173
DA:735,173
DA:736,42
DA:740,79
DA:741,79
DA:742,79
DA:743,79
DA:747,79
DA:748,1
DA:749,0
DA:751,1
DA:765,1
DA:766,20
DA:767,20
DA:768,20
DA:769,20
DA:781,17
DA:782,17
DA:783,17
DA:784,17
DA:785,19
DA:787,17
DA:800,1
DA:801,21
DA:802,21
DA:803,21
DA:804,21
DA:816,8
DA:817,8
DA:818,8
DA:819,8
DA:820,6
DA:822,8
DA:835,1
DA:836,3
DA:837,3
DA:838,3
DA:839,3
DA:851,4
DA:852,4
DA:853,4
DA:854,4
DA:855,10
DA:857,4
DA:869,1
DA:870,1
DA:871,1
DA:872,1
DA:873,1
DA:885,1
DA:886,1
DA:887,1
DA:888,1
DA:889,3
DA:891,1
DA:903,1
DA:904,2
DA:905,2
DA:906,2
DA:907,2
DA:920,1
DA:921,3
DA:922,3
DA:923,3
DA:924,3
DA:932,1
DA:933,11
DA:941,1
DA:942,30
DA:943,30
DA:944,30
DA:945,41
DA:953,1
DA:954,86
DA:955,106
DA:962,1
DA:963,86
DA:964,86
DA:970,1
DA:971,2
DA:972,2
DA:973,2
DA:974,2
DA:975,2
DA:984,1
DA:985,1
DA:986,1
DA:987,1
DA:996,1
DA:997,1
DA:998,1
DA:999,1
DA:1006,1
DA:1007,9
DA:1019,1
DA:1020,1
[...]
FNDA:1,(anonymous_10566)
FNDA:2,(anonymous_10567)
FNDA:2,(anonymous_10568)
FNDA:2,(anonymous_10569)
FNDA:1,(anonymous_10570)
FNDA:0,(anonymous_10571)
FNDA:0,(anonymous_10572)
FNDA:0,(anonymous_10573)
FNDA:0,(anonymous_10574)
FNDA:0,(anonymous_10575)
FNDA:0,(anonymous_10576)
FNDA:0,(anonymous_10577)
FNDA:0,(anonymous_10578)
FNDA:0,(anonymous_10579)
DA:2,1
DA:3,1
DA:6,1
DA:16,1
DA:17,1
DA:19,2
DA:21,3
DA:22,2
DA:23,4
DA:27,4
DA:28,4
DA:29,4
DA:30,1
DA:32,3
DA:33,3
DA:34,0
DA:36,3
DA:37,3
DA:38,2
DA:40,3
DA:41,1
DA:43,3
DA:44,0
DA:46,3
DA:47,3
DA:48,0
DA:50,3
DA:53,1
DA:54,4
DA:55,4
DA:56,2
DA:57,2
DA:58,2
DA:59,2
DA:60,2
DA:62,2
DA:63,2
DA:64,1
DA:65,1
DA:66,1
DA:67,1
DA:68,0
DA:69,0
DA:72,1
DA:73,1
DA:74,1
DA:75,1
DA:78,1
DA:79,0
DA:80,0
DA:81,0
DA:82,0
DA:83,0
DA:84,0
DA:89,1
DA:90,3
DA:91,0
DA:93,3
DA:96,1
DA:97,3
DA:98,1
DA:99,2
DA:105,1
DA:111,2
DA:112,2
DA:113,2
DA:114,2
DA:115,1
DA:117,1
DA:118,1
DA:119,0
DA:120,0
DA:121,0
DA:124,0
DA:126,0
DA:131,2
DA:134,1
DA:135,2
DA:136,2
DA:137,2
DA:139,2
DA:140,1
DA:142,2
DA:148,2
DA:151,2
DA:153,1
DA:154,1
DA:158,1
DA:159,1
DA:166,0
DA:168,0
DA:174,0
DA:178,0
DA:184,1
DA:185,0
DA:186,0
DA:188,0
DA:189,0
DA:191,0
DA:197,0
DA:200,0
DA:202,0
DA:203,0
DA:206,1
LF:104
LH:74
BRDA:29,1,0,1
BRDA:29,1,1,3
BRDA:33,2,0,0
BRDA:33,2,1,3
BRDA:37,3,0,2
BRDA:37,3,1,1
BRDA:40,4,0,1
BRDA:40,4,1,2
BRDA:43,5,0,0
BRDA:43,5,1,3
BRDA:55,6,0,2
BRDA:55,6,1,2
BRDA:56,7,0,2
BRDA:56,7,1,0
BRDA:63,8,0,1
BRDA:63,8,1,1
BRDA:64,9,0,1
BRDA:64,9,1,0
BRDA:64,9,2,0
BRDA:65,10,0,1
BRDA:65,10,1,0
BRDA:67,11,0,0
BRDA:67,11,1,1
BRDA:68,12,0,0
BRDA:68,12,1,0
BRDA:78,13,0,0
BRDA:78,13,1,1
BRDA:80,14,0,0
BRDA:80,14,1,0
BRDA:90,15,0,0
BRDA:90,15,1,3
BRDA:93,16,0,3
BRDA:93,16,1,2
BRDA:100,17,0,0
BRDA:100,17,1,2
BRDA:112,18,0,2
BRDA:112,18,1,0
BRDA:114,19,0,1
BRDA:114,19,1,1
BRDA:120,20,0,0
BRDA:120,20,1,0
BRDA:135,21,0,2
BRDA:135,21,1,2
BRDA:136,22,0,2
BRDA:136,22,1,0
BRDA:144,23,0,2
BRDA:144,23,1,0
BRDA:148,24,0,2
BRDA:148,24,1,2
BRDA:197,25,0,0
BRDA:197,25,1,0
BRF:51
BRH:30
end_of_record
TN:
SF:/home/travis/build/coveo/search-ui/src/ui/Omnibox/OldOmniboxAddon.ts
FN:9,(anonymous_10581)
FN:10,OldOmniboxAddon
FN:11,(anonymous_10583)
FN:12,(anonymous_10584)
FN:21,(anonymous_10585)
FN:40,(anonymous_10586)
FN:58,(anonymous_10587)
FN:65,(anonymous_10588)
FN:68,(anonymous_10589)
FN:77,(anonymous_10590)
FN:81,(anonymous_10591)
FN:85,(anonymous_10592)
FN:91,(anonymous_10593)
FN:95,(anonymous_10594)
FN:109,(anonymous_10595)
FN:112,(anonymous_10596)
FN:115,(anonymous_10597)
FN:118,(anonymous_10598)
FN:121,(anonymous_10599)
FN:124,(anonymous_10600)
FN:131,(anonymous_10601)
FN:132,(anonymous_10602)
FN:134,(anonymous_10603)
FN:141,(anonymous_10604)
FN:142,(anonymous_10605)
FNF:25
FNH:10
FNDA:1,(anonymous_10581)
FNDA:65,OldOmniboxAddon
FNDA:9,(anonymous_10583)
FNDA:0,(anonymous_10584)
FNDA:9,(anonymous_10585)
FNDA:7,(anonymous_10586)
FNDA:25,(anonymous_10587)
FNDA:7,(anonymous_10588)
FNDA:11,(anonymous_10589)
FNDA:0,(anonymous_10590)
FNDA:0,(anonymous_10591)
FNDA:0,(anonymous_10592)
FNDA:0,(anonymous_10593)
FNDA:7,(anonymous_10594)
FNDA:0,(anonymous_10595)
FNDA:0,(anonymous_10596)
FNDA:0,(anonymous_10597)
FNDA:0,(anonymous_10598)
FNDA:0,(anonymous_10599)
FNDA:0,(anonymous_10600)
FNDA:7,(anonymous_10601)
FNDA:0,(anonymous_10602)
FNDA:0,(anonymous_10603)
FNDA:0,(anonymous_10604)
FNDA:0,(anonymous_10605)
DA:4,1
DA:5,1
DA:6,1
DA:7,1
DA:9,1
DA:10,66
DA:11,65
DA:12,9
DA:13,0
DA:21,1
DA:22,9
DA:24,9
DA:25,2
DA:28,7
DA:29,0
DA:32,7
DA:34,7
DA:35,7
DA:37,7
DA:40,1
DA:41,7
DA:42,7
DA:43,7
DA:44,7
DA:45,7
DA:46,7
DA:47,0
DA:49,7
DA:50,47
DA:52,7
DA:53,0
DA:55,7
DA:58,1
DA:59,25
DA:60,7
DA:62,25
DA:65,7
DA:66,7
DA:67,7
DA:68,7
DA:69,11
DA:74,7
DA:77,1
DA:78,0
DA:81,1
DA:82,0
DA:85,1
DA:86,0
DA:87,0
DA:88,0
DA:91,1
DA:92,0
DA:95,7
DA:96,7
DA:97,7
DA:110,0
DA:113,0
DA:116,0
DA:119,0
DA:122,0
DA:125,0
DA:128,7
DA:131,1
DA:132,7
DA:133,0
DA:134,0
DA:135,0
DA:140,0
DA:141,0
DA:142,0
DA:143,0
DA:144,0
DA:149,0
DA:154,0
DA:157,1
LF:75
LH:49
BRDA:24,1,0,2
BRDA:24,1,1,7
BRDA:28,2,0,0
BRDA:28,2,1,7
BRDA:46,3,0,0
BRDA:46,3,1,7
BRDA:49,4,0,54
BRDA:49,4,1,48
BRDA:52,5,0,7
BRDA:52,5,1,0
BRDA:59,6,0,7
BRDA:59,6,1,18
BRDA:133,7,0,0
BRDA:133,7,1,0
BRDA:140,8,0,0
BRDA:140,8,1,0
BRDA:143,9,0,0
BRDA:143,9,1,0
BRF:18
BRH:9
end_of_record
TN:
SF:/home/travis/build/coveo/search-ui/src/ui/Omnibox/QueryExtensionAddon.ts
FN:16,(anonymous_10607)
FN:21,QueryExtensionAddon
FN:22,(anonymous_10609)
FN:27,(anonymous_10610)
FN:38,(anonymous_10611)
FN:44,(anonymous_10612)
FN:62,(anonymous_10613)
FN:84,(anonymous_10614)
FN:91,(anonymous_10615)
FN:92,(anonymous_10616)
FN:93,(anonymous_10617)
FN:106,(anonymous_10618)
FN:113,(anonymous_10619)
FN:115,(anonymous_10620)
FN:117,(anonymous_10621)
FN:123,(anonymous_10622)
FN:134,(anonymous_10623)
FN:135,(anonymous_10624)
FN:136,(anonymous_10625)
FN:140,(anonymous_10626)
FN:145,(anonymous_10627)
FNF:21
FNH:9
FNDA:1,(anonymous_10607)
FNDA:1,QueryExtensionAddon
FNDA:1,(anonymous_10609)
FNDA:1,(anonymous_10610)
FNDA:0,(anonymous_10611)
FNDA:1,(anonymous_10612)
FNDA:0,(anonymous_10613)
FNDA:1,(anonymous_10614)
FNDA:1,(anonymous_10615)
FNDA:0,(anonymous_10616)
FNDA:0,(anonymous_10617)
FNDA:1,(anonymous_10618)
FNDA:1,(anonymous_10619)
FNDA:0,(anonymous_10620)
FNDA:0,(anonymous_10621)
FNDA:0,(anonymous_10622)
FNDA:0,(anonymous_10623)
FNDA:0,(anonymous_10624)
FNDA:0,(anonymous_10625)
FNDA:0,(anonymous_10626)
FNDA:0,(anonymous_10627)
DA:2,1
DA:3,1
DA:5,1
DA:16,1
DA:17,1
DA:19,1
DA:21,2
DA:22,1
DA:23,1
DA:27,1
DA:28,1
DA:29,1
DA:30,0
DA:32,1
DA:33,1
DA:34,0
DA:36,1
DA:37,1
DA:38,1
DA:39,0
DA:41,1
DA:44,1
DA:45,1
DA:46,1
DA:47,1
DA:48,1
DA:49,1
DA:50,1
DA:58,0
DA:59,0
DA:61,0
DA:63,0
DA:64,0
DA:69,0
DA:71,0
DA:81,0
DA:84,1
DA:85,1
DA:86,0
DA:88,1
DA:91,1
DA:92,1
DA:93,0
DA:94,0
DA:100,0
DA:106,1
DA:107,1
DA:108,1
DA:110,1
DA:113,1
DA:114,1
DA:115,1
DA:116,0
DA:118,0
DA:124,0
DA:129,0
DA:130,0
DA:134,1
DA:135,0
DA:136,0
DA:137,0
DA:138,0
DA:140,0
DA:145,1
DA:146,0
DA:148,1
LF:66
LH:40
BRDA:29,1,0,0
BRDA:29,1,1,1
BRDA:33,2,0,0
BRDA:33,2,1,1
BRDA:36,3,0,1
BRDA:36,3,1,0
BRDA:46,4,0,1
BRDA:46,4,1,0
BRDA:49,5,0,1
BRDA:49,5,1,0
BRDA:59,6,0,0
BRDA:59,6,1,0
BRDA:64,7,0,0
BRDA:64,7,1,0
BRDA:85,8,0,0
BRDA:85,8,1,1
BRDA:88,9,0,1
BRDA:88,9,1,1
BRDA:88,10,0,0
BRDA:88,10,1,1
BRDA:107,11,0,1
BRDA:107,11,1,0
BRDA:124,12,0,0
BRDA:124,12,1,0
BRDA:137,13,0,0
BRDA:137,13,1,0
BRF:26
BRH:10
end_of_record
TN:
SF:/home/travis/build/coveo/search-ui/src/ui/OmniboxResultList/OmniboxResultList.ts
FN:46,(anonymous_10634)
FN:132,OmniboxResultList
FN:136,(anonymous_10636)
FN:137,(anonymous_10637)
FN:144,(anonymous_10638)
FN:146,(anonymous_10639)
FN:147,(anonymous_10640)
FN:149,(anonymous_10641)
FN:152,(anonymous_10642)
FN:159,(anonymous_10643)
FN:171,(anonymous_10644)
FN:178,(anonymous_10645)
FN:188,(anonymous_10646)
FN:194,(anonymous_10647)
FN:195,(anonymous_10648)
FN:197,(anonymous_10649)
FN:207,(anonymous_10650)
FN:214,(anonymous_10651)
FN:49,(anonymous_10652)
FN:118,(anonymous_10653)
FNF:20
FNH:2
FNDA:1,(anonymous_10634)
FNDA:0,OmniboxResultList
FNDA:0,(anonymous_10636)
FNDA:0,(anonymous_10637)
FNDA:0,(anonymous_10638)
FNDA:0,(anonymous_10639)
FNDA:0,(anonymous_10640)
FNDA:0,(anonymous_10641)
FNDA:0,(anonymous_10642)
FNDA:0,(anonymous_10643)
FNDA:0,(anonymous_10644)
FNDA:0,(anonymous_10645)
FNDA:0,(anonymous_10646)
FNDA:0,(anonymous_10647)
FNDA:0,(anonymous_10648)
FNDA:0,(anonymous_10649)
FNDA:0,(anonymous_10650)
FNDA:0,(anonymous_10651)
FNDA:1,(anonymous_10652)
FNDA:0,(anonymous_10653)
DA:1,1
DA:2,1
DA:3,1
DA:4,1
DA:6,1
DA:7,1
DA:9,1
DA:10,1
DA:11,1
DA:12,1
DA:13,1
DA:15,1
DA:16,1
DA:18,1
DA:46,1
DA:47,1
DA:49,1
DA:50,1
DA:59,1
DA:119,0
DA:132,1
DA:134,0
DA:135,0
DA:136,0
DA:137,0
DA:144,1
DA:145,0
DA:146,0
DA:147,0
DA:148,0
DA:149,0
DA:150,0
DA:152,0
DA:153,0
DA:154,0
DA:159,0
DA:160,0
DA:171,1
DA:172,0
DA:173,0
DA:174,0
DA:178,0
DA:179,0
DA:180,0
DA:182,0
DA:183,0
DA:184,0
DA:188,1
DA:189,0
DA:190,0
DA:191,0
DA:194,1
DA:195,0
DA:196,0
DA:197,0
DA:200,0
DA:202,0
DA:207,1
DA:208,0
DA:209,0
DA:210,0
DA:214,1
DA:215,0
DA:216,0
DA:218,1
DA:219,1
LF:66
LH:28
BRDA:133,1,0,0
BRDA:133,1,1,0
BRDA:171,2,0,0
BRDA:171,2,1,0
BRDA:172,3,0,0
BRDA:172,3,1,0
BRDA:176,4,0,0
BRDA:176,4,1,0
BRDA:191,5,0,0
BRDA:191,5,1,0
BRDA:209,6,0,0
BRDA:209,6,1,0
BRF:12
BRH:0
end_of_record
TN:
SF:/home/travis/build/coveo/search-ui/src/ui/PrintableUri/PrintableUriFields.ts
FN:7,registerFields
FNF:1
FNH:1
FNDA:1,registerFields
DA:1,1
DA:3,1
DA:7,2
DA:8,1
LF:4
LH:4
BRF:0
BRH:0
end_of_record
TN:
SF:/home/travis/build/coveo/search-ui/src/ui/Quickview/DefaultQuickviewTemplate.ts
FN:4,(anonymous_10662)
FN:6,DefaultQuickviewTemplate
FN:10,(anonymous_10664)
FNF:3
FNH:2
FNDA:1,(anonymous_10662)
FNDA:64,DefaultQuickviewTemplate
FNDA:0,(anonymous_10664)
DA:1,1
DA:4,1
DA:6,1
DA:10,1
DA:11,0
DA:13,1
LF:6
LH:5
BRDA:7,1,0,64
BRDA:7,1,1,64
BRF:2
BRH:2
end_of_record
TN:
SF:/home/travis/build/coveo/search-ui/src/ui/Quickview/QuickviewDocument.ts
FN:51,(anonymous_10671)
FN:80,QuickviewDocument
FN:89,(anonymous_10673)
FN:101,(anonymous_10674)
FN:137,(anonymous_10675)
FN:147,(anonymous_10676)
FN:158,(anonymous_10677)
FN:166,(anonymous_10678)
FN:167,(anonymous_10679)
FN:189,(anonymous_10680)
FN:202,(anonymous_10681)
FN:221,(anonymous_10682)
FN:261,(anonymous_10683)
FN:310,(anonymous_10684)
FN:316,(anonymous_10685)
FN:380,(anonymous_10686)
FN:402,(anonymous_10687)
FN:411,(anonymous_10688)
FN:420,(anonymous_10689)
FN:426,(anonymous_10690)
FN:433,(anonymous_10691)
FN:437,(anonymous_10692)
FN:443,(anonymous_10693)
FN:450,(anonymous_10694)
FN:460,(anonymous_10695)
FN:470,(anonymous_10696)
FN:482,(anonymous_10697)
FN:519,(anonymous_10698)
FN:525,(anonymous_10699)
FN:534,(anonymous_10700)
FN:551,(anonymous_10701)
FN:556,(anonymous_10702)
FN:561,(anonymous_10703)
FN:569,(anonymous_10704)
FN:575,(anonymous_10705)
FNF:35
FNH:1
FNDA:1,(anonymous_10671)
FNDA:0,QuickviewDocument
FNDA:0,(anonymous_10673)
FNDA:0,(anonymous_10674)
FNDA:0,(anonymous_10675)
FNDA:0,(anonymous_10676)
FNDA:0,(anonymous_10677)
FNDA:0,(anonymous_10678)
FNDA:0,(anonymous_10679)
FNDA:0,(anonymous_10680)
FNDA:0,(anonymous_10681)
FNDA:0,(anonymous_10682)
FNDA:0,(anonymous_10683)
FNDA:0,(anonymous_10684)
FNDA:0,(anonymous_10685)
FNDA:0,(anonymous_10686)
FNDA:0,(anonymous_10687)
FNDA:0,(anonymous_10688)
FNDA:0,(anonymous_10689)
FNDA:0,(anonymous_10690)
FNDA:0,(anonymous_10691)
FNDA:0,(anonymous_10692)
FNDA:0,(anonymous_10693)
FNDA:0,(anonymous_10694)
FNDA:0,(anonymous_10695)
FNDA:0,(anonymous_10696)
FNDA:0,(anonymous_10697)
FNDA:0,(anonymous_10698)
FNDA:0,(anonymous_10699)
FNDA:0,(anonymous_10700)
FNDA:0,(anonymous_10701)
FNDA:0,(anonymous_10702)
FNDA:0,(anonymous_10703)
FNDA:0,(anonymous_10704)
FNDA:0,(anonymous_10705)
DA:1,1
DA:3,1
DA:4,1
DA:6,1
DA:7,1
DA:9,1
DA:10,1
DA:11,1
DA:12,1
DA:13,1
DA:17,1
DA:18,1
DA:20,1
DA:51,1
DA:52,1
DA:58,1
DA:80,1
DA:83,0
DA:84,0
DA:85,0
DA:86,0
DA:89,1
DA:90,0
DA:91,0
DA:92,0
DA:94,0
DA:95,0
DA:97,0
DA:98,0
DA:101,1
DA:102,0
DA:103,0
DA:104,0
DA:105,0
DA:107,0
DA:112,0
DA:113,0
DA:114,0
DA:115,0
DA:117,0
DA:118,0
DA:122,0
DA:123,0
DA:125,0
DA:127,0
DA:128,0
DA:131,0
DA:136,0
DA:140,0
DA:141,0
DA:144,0
DA:145,0
DA:150,0
DA:151,0
DA:154,0
DA:155,0
DA:156,0
DA:158,0
DA:159,0
DA:161,0
DA:166,1
DA:167,0
DA:168,0
DA:171,0
DA:172,0
DA:173,0
DA:174,0
DA:175,0
DA:176,0
DA:179,0
DA:180,0
DA:184,0
DA:185,0
DA:189,1
DA:190,0
DA:191,0
DA:192,0
DA:194,0
DA:196,0
DA:197,0
DA:202,1
DA:203,0
DA:206,0
DA:207,0
DA:210,0
DA:211,0
DA:212,0
DA:218,0
DA:221,1
DA:222,0
DA:223,0
DA:224,0
DA:227,0
DA:230,0
DA:232,0
DA:240,0
DA:241,0
DA:245,0
DA:246,0
DA:249,0
DA:250,0
DA:252,0
DA:254,0
DA:255,0
DA:261,1
DA:262,0
DA:263,0
DA:264,0
DA:310,1
DA:311,0
DA:312,0
DA:314,0
DA:315,0
DA:316,0
DA:317,0
DA:319,0
DA:320,0
DA:321,0
DA:322,0
DA:324,0
DA:328,0
DA:329,0
DA:346,0
DA:347,0
DA:348,0
DA:349,0
DA:351,0
DA:352,0
DA:353,0
DA:357,0
DA:358,0
DA:363,0
DA:364,0
DA:365,0
DA:367,0
DA:368,0
DA:374,0
DA:375,0
DA:378,0
DA:380,0
DA:384,0
DA:386,0
DA:393,0
DA:394,0
DA:396,0
DA:399,0
DA:402,1
DA:403,0
DA:408,0
DA:411,1
DA:412,0
DA:414,0
DA:416,0
DA:420,1
DA:421,0
DA:423,0
DA:426,1
DA:427,0
DA:430,0
DA:433,0
DA:436,0
DA:437,0
DA:440,0
DA:443,1
DA:444,0
DA:445,0
DA:447,0
DA:448,0
DA:449,0
DA:450,0
DA:451,0
DA:453,0
DA:455,0
DA:456,0
DA:457,0
DA:458,0
DA:459,0
DA:460,0
DA:461,0
DA:463,0
DA:465,0
DA:466,0
DA:467,0
DA:468,0
DA:469,0
DA:470,0
DA:471,0
DA:473,0
DA:475,0
DA:476,0
DA:477,0
DA:479,0
DA:482,1
DA:483,0
DA:484,0
DA:485,0
DA:486,0
DA:488,0
DA:491,0
DA:494,0
DA:495,0
DA:496,0
DA:500,0
DA:501,0
DA:502,0
DA:507,0
DA:508,0
DA:509,0
DA:512,0
DA:514,0
DA:515,0
DA:519,1
DA:520,0
DA:521,0
DA:522,0
DA:525,1
DA:526,0
DA:527,0
DA:528,0
DA:529,0
DA:530,0
DA:531,0
DA:534,1
DA:535,0
DA:537,0
DA:540,0
DA:544,0
DA:545,0
DA:548,0
DA:551,1
DA:552,0
DA:553,0
DA:556,1
DA:557,0
DA:558,0
DA:560,0
DA:561,0
DA:562,0
DA:563,0
DA:565,0
DA:566,0
DA:569,1
DA:570,0
DA:571,0
DA:575,1
DA:576,0
DA:577,0
DA:578,0
DA:579,0
DA:580,0
DA:581,0
DA:582,0
DA:584,0
DA:585,0
DA:587,1
DA:589,1
LF:256
LH:40
BRDA:81,1,0,0
BRDA:81,1,1,0
BRDA:84,2,0,0
BRDA:84,2,1,0
BRDA:104,3,0,0
BRDA:104,3,1,0
BRDA:104,4,0,0
BRDA:104,4,1,0
BRDA:127,5,0,0
BRDA:127,5,1,0
BRDA:140,6,0,0
BRDA:140,6,1,0
BRDA:150,7,0,0
BRDA:150,7,1,0
BRDA:154,8,0,0
BRDA:154,8,1,0
BRDA:171,9,0,0
BRDA:171,9,1,0
BRDA:179,10,0,0
BRDA:179,10,1,0
BRDA:191,11,0,0
BRDA:191,11,1,0
BRDA:206,12,0,0
BRDA:206,12,1,0
BRDA:232,13,0,0
BRDA:232,13,1,0
BRDA:249,14,0,0
BRDA:249,14,1,0
BRDA:319,15,0,0
BRDA:319,15,1,0
BRDA:328,16,0,0
BRDA:328,16,1,0
BRDA:328,17,0,0
BRDA:328,17,1,0
BRDA:342,18,0,0
BRDA:342,18,1,0
BRDA:346,19,0,0
BRDA:346,19,1,0
BRDA:347,20,0,0
BRDA:347,20,1,0
BRDA:348,21,0,0
BRDA:348,21,1,0
BRDA:351,22,0,0
BRDA:351,22,1,0
BRDA:363,23,0,0
BRDA:363,23,1,0
BRDA:363,24,0,0
BRDA:363,24,1,0
BRDA:363,24,2,0
BRDA:365,25,0,0
BRDA:365,25,1,0
BRDA:367,26,0,0
BRDA:367,26,1,0
BRDA:367,27,0,0
BRDA:367,27,1,0
BRDA:368,28,0,0
BRDA:368,28,1,0
BRDA:374,29,0,0
BRDA:374,29,1,0
BRDA:408,30,0,0
BRDA:408,30,1,0
BRDA:408,31,0,0
BRDA:408,31,1,0
BRDA:412,32,0,0
BRDA:412,32,1,0
BRDA:414,33,0,0
BRDA:414,33,1,0
BRDA:414,34,0,0
BRDA:414,34,1,0
BRDA:416,35,0,0
BRDA:416,35,1,0
BRDA:423,36,0,0
BRDA:423,36,1,0
BRDA:430,37,0,0
BRDA:430,37,1,0
BRDA:433,38,0,0
BRDA:433,38,1,0
BRDA:436,39,0,0
BRDA:436,39,1,0
BRDA:485,40,0,0
BRDA:485,40,1,0
BRDA:486,41,0,0
BRDA:486,41,1,0
BRDA:488,42,0,0
BRDA:488,42,1,0
BRDA:495,43,0,0
BRDA:495,43,1,0
BRDA:507,44,0,0
BRDA:507,44,1,0
BRDA:537,45,0,0
BRDA:537,45,1,0
BRDA:544,46,0,0
BRDA:544,46,1,0
BRDA:553,47,0,0
BRDA:553,47,1,0
BRDA:570,48,0,0
BRDA:570,48,1,0
BRDA:581,49,0,0
BRDA:581,49,1,0
BRF:99
BRH:0
end_of_record
TN:
SF:/home/travis/build/coveo/search-ui/src/ui/Quickview/QuickviewFields.ts
FN:10,registerFields
FNF:1
FNH:1
FNDA:1,registerFields
DA:1,1
DA:3,1
DA:10,2
DA:11,1
LF:4
LH:4
BRF:0
BRH:0
end_of_record
TN:
SF:/home/travis/build/coveo/search-ui/src/ui/ResponsiveComponents/ResponsiveDefaultResultTemplate.ts
FN:12,(anonymous_10709)
FN:27,ResponsiveDefaultResultTemplate
FN:18,(anonymous_10711)
FN:32,(anonymous_10712)
FN:40,(anonymous_10713)
FN:47,(anonymous_10714)
FN:58,(anonymous_10715)
FN:67,(anonymous_10716)
FNF:8
FNH:2
FNDA:1,(anonymous_10709)
FNDA:0,ResponsiveDefaultResultTemplate
FNDA:50,(anonymous_10711)
FNDA:0,(anonymous_10712)
FNDA:0,(anonymous_10713)
FNDA:0,(anonymous_10714)
FNDA:0,(anonymous_10715)
FNDA:0,(anonymous_10716)
DA:1,1
DA:5,1
DA:6,1
DA:7,1
DA:8,1
DA:9,1
DA:12,1
DA:18,1
DA:19,50
DA:20,1
DA:21,1
DA:22,1
DA:24,49
DA:27,1
DA:28,0
DA:29,0
DA:32,1
DA:33,0
DA:34,0
DA:35,0
DA:37,0
DA:40,1
DA:41,0
DA:42,0
DA:43,0
DA:44,0
DA:45,0
DA:46,0
DA:47,0
DA:48,0
DA:51,0
DA:54,0
DA:55,0
DA:56,0
DA:57,0
DA:58,0
DA:59,0
DA:62,0
DA:67,1
DA:68,0
DA:70,1
LF:41
LH:18
BRDA:19,1,0,1
BRDA:19,1,1,49
BRDA:33,2,0,0
BRDA:33,2,1,0
BRDA:42,3,0,0
BRDA:42,3,1,0
BRDA:45,4,0,0
BRDA:45,4,1,0
BRDA:46,5,0,0
BRDA:46,5,1,0
BRDA:56,6,0,0
BRDA:56,6,1,0
BRDA:57,7,0,0
BRDA:57,7,1,0
BRF:14
BRH:2
end_of_record
TN:
SF:/home/travis/build/coveo/search-ui/src/ui/ResponsiveComponents/ResponsiveFacetSlider.ts
FN:9,(anonymous_10723)
FN:16,ResponsiveFacetSlider
FN:12,(anonymous_10725)
FN:21,(anonymous_10726)
FN:30,(anonymous_10727)
FN:34,(anonymous_10728)
FN:35,(anonymous_10729)
FNF:7
FNH:2
FNDA:1,(anonymous_10723)
FNDA:0,ResponsiveFacetSlider
FNDA:24,(anonymous_10725)
FNDA:0,(anonymous_10726)
FNDA:0,(anonymous_10727)
FNDA:0,(anonymous_10728)
FNDA:0,(anonymous_10729)
DA:1,1
DA:3,1
DA:7,1
DA:9,1
DA:10,0
DA:12,1
DA:13,24
DA:16,1
DA:18,0
DA:21,1
DA:22,0
DA:23,0
DA:24,0
DA:25,0
DA:27,0
DA:30,1
DA:31,0
DA:34,1
DA:35,0
DA:37,1
LF:20
LH:11
BRDA:17,1,0,0
BRDA:17,1,1,0
BRDA:23,2,0,0
BRDA:23,2,1,0
BRF:4
BRH:0
end_of_record
TN:
SF:/home/travis/build/coveo/search-ui/src/ui/ResponsiveComponents/ResponsiveResultLayout.ts
FN:13,(anonymous_10731)
FN:26,ResponsiveResultLayout
FN:17,(anonymous_10733)
FN:30,(anonymous_10734)
FN:38,(anonymous_10735)
FN:48,(anonymous_10736)
FN:55,(anonymous_10737)
FN:59,(anonymous_10738)
FNF:8
FNH:2
FNDA:1,(anonymous_10731)
FNDA:0,ResponsiveResultLayout
FNDA:35,(anonymous_10733)
FNDA:0,(anonymous_10734)
FNDA:0,(anonymous_10735)
FNDA:0,(anonymous_10736)
FNDA:0,(anonymous_10737)
FNDA:0,(anonymous_10738)
DA:1,1
DA:5,1
DA:7,1
DA:8,1
DA:9,1
DA:10,1
DA:11,1
DA:13,1
DA:17,1
DA:18,35
DA:19,1
DA:20,1
DA:21,1
DA:23,34
DA:26,1
DA:27,0
DA:30,1
DA:31,0
DA:32,0
DA:33,0
DA:35,0
DA:38,1
DA:39,0
DA:40,0
DA:41,0
DA:42,0
DA:44,0
DA:48,1
DA:49,0
DA:50,0
DA:51,0
DA:52,0
DA:55,1
DA:56,0
DA:59,1
DA:60,0
DA:62,1
LF:37
LH:21
BRDA:18,1,0,1
BRDA:18,1,1,34
BRDA:31,2,0,0
BRDA:31,2,1,0
BRDA:39,3,0,0
BRDA:39,3,1,0
BRDA:41,4,0,0
BRDA:41,4,1,0
BRF:8
BRH:2
end_of_record
TN:
SF:/home/travis/build/coveo/search-ui/src/ui/ResultAttachments/DefaultResultAttachmentTemplate.ts
FN:5,(anonymous_10745)
FN:7,DefaultResultAttachmentTemplate
FN:11,(anonymous_10747)
FNF:3
FNH:3
FNDA:1,(anonymous_10745)
FNDA:8,DefaultResultAttachmentTemplate
FNDA:6,(anonymous_10747)
DA:1,1
DA:5,1
DA:7,1
DA:11,1
DA:12,6
DA:14,1
LF:6
LH:6
BRDA:8,1,0,8
BRDA:8,1,1,8
BRF:2
BRH:2
end_of_record
TN:
SF:/home/travis/build/coveo/search-ui/src/ui/ResultFolding/DefaultFoldingTemplate.ts
FN:4,(anonymous_10754)
FN:6,DefaultFoldingTemplate
FN:10,(anonymous_10756)
FN:14,(anonymous_10757)
FNF:4
FNH:3
FNDA:1,(anonymous_10754)
FNDA:17,DefaultFoldingTemplate
FNDA:58,(anonymous_10756)
FNDA:0,(anonymous_10757)
DA:1,1
DA:4,1
DA:6,1
DA:10,1
DA:11,58
DA:14,1
DA:15,0
DA:17,1
LF:8
LH:7
BRDA:7,1,0,17
BRDA:7,1,1,17
BRF:2
BRH:2
end_of_record
TN:
SF:/home/travis/build/coveo/search-ui/src/ui/ResultLink/ResultLinkFields.ts
FN:13,registerFields
FNF:1
FNH:1
FNDA:1,registerFields
DA:1,1
DA:3,1
DA:13,2
DA:14,1
LF:4
LH:4
BRF:0
BRH:0
end_of_record
TN:
SF:/home/travis/build/coveo/search-ui/src/ui/ResultList/ResultListCardRenderer.ts
FN:5,(anonymous_10766)
FN:6,(anonymous_10768)
FN:7,(anonymous_10769)
FN:13,(anonymous_10770)
FN:17,(anonymous_10771)
FNF:5
FNH:4
FNDA:5,(anonymous_10766)
FNDA:2,(anonymous_10768)
FNDA:2,(anonymous_10769)
FNDA:0,(anonymous_10770)
FNDA:6,(anonymous_10771)
DA:1,1
DA:2,1
DA:3,1
DA:5,2
DA:6,3
DA:7,2
DA:8,2
DA:11,2
DA:12,0
DA:13,0
DA:16,2
DA:17,6
DA:18,2
DA:20,2
DA:23,1
LF:15
LH:13
BRDA:8,1,0,2
BRDA:8,1,1,0
BRDA:11,2,0,0
BRDA:11,2,1,2
BRF:4
BRH:2
end_of_record
TN:
SF:/home/travis/build/coveo/search-ui/src/ui/Text/Text.ts
FN:41,(anonymous_10778)
FN:133,Text
FN:44,(anonymous_10780)
FNF:3
FNH:2
FNDA:1,(anonymous_10778)
FNDA:0,Text
FNDA:1,(anonymous_10780)
DA:1,1
DA:2,1
DA:4,1
DA:5,1
DA:6,1
DA:8,1
DA:41,1
DA:42,1
DA:44,1
DA:45,1
DA:53,1
DA:133,1
DA:135,0
DA:136,0
DA:137,0
DA:138,0
DA:139,0
DA:140,0
DA:141,0
DA:142,0
DA:143,0
DA:144,0
DA:145,0
DA:146,0
DA:147,0
DA:148,0
DA:149,0
DA:151,1
DA:153,1
LF:29
LH:14
BRDA:134,1,0,0
BRDA:134,1,1,0
BRF:2
BRH:0
end_of_record
TN:
SF:/home/travis/build/coveo/search-ui/src/ui/Thumbnail/ThumbnailFields.ts
FN:12,registerFields
FNF:1
FNH:1
FNDA:1,registerFields
DA:1,1
DA:3,1
DA:12,2
DA:13,1
LF:4
LH:4
BRF:0
BRH:0
end_of_record
TN:
SF:/home/travis/build/coveo/search-ui/src/ui/YouTube/YouTubeThumbnailFields.ts
FN:7,registerFields
FNF:1
FNH:1
FNDA:1,registerFields
DA:1,1
DA:3,1
DA:7,2
DA:8,1
LF:4
LH:4
BRF:0
BRH:0
end_of_record
